;  LST file generated by mikroListExporter - v.2.0 
; Date/Time: 6/30/2025 11:16:45 AM
;----------------------------------------------

;Address Opcode 	ASM
0x0000	0x2816      	GOTO       22
_____DoICP:
;__Lib_System.c,6 :: 		
;__Lib_System.c,9 :: 		
0x0003	0x1283      	BCF        STATUS, 5
0x0004	0x1303      	BCF        STATUS, 6
0x0005	0x082B      	MOVF       ___DoICPAddr+1, 0
0x0006	0x008A      	MOVWF      PCLATH
;__Lib_System.c,10 :: 		
0x0007	0x082A      	MOVF       ___DoICPAddr, 0
0x0008	0x0082      	MOVWF      PCL
;__Lib_System.c,12 :: 		
L_end_____DoICP:
0x0009	0x0008      	RETURN
; end of _____DoICP
___CC2DW:
;__Lib_System.c,134 :: 		
;__Lib_System.c,137 :: 		
_CC2D_Loop1:
;__Lib_System.c,139 :: 		
0x000A	0x2003      	CALL       _____DoICP
0x000B	0x118A      	BCF        PCLATH, 3
0x000C	0x120A      	BCF        PCLATH, 4
;__Lib_System.c,141 :: 		
0x000D	0x0080      	MOVWF      INDF
;__Lib_System.c,142 :: 		
0x000E	0x0A84      	INCF       FSR, 1
;__Lib_System.c,143 :: 		
0x000F	0x0AAA      	INCF       ___DoICPAddr, 1
;__Lib_System.c,145 :: 		
0x0010	0x1903      	BTFSC      STATUS, 2
;__Lib_System.c,146 :: 		
0x0011	0x0AAB      	INCF       ___DoICPAddr+1, 1
;__Lib_System.c,147 :: 		
0x0012	0x03F0      	DECF       R0, 1
;__Lib_System.c,149 :: 		
0x0013	0x1D03      	BTFSS      STATUS, 2
;__Lib_System.c,150 :: 		
0x0014	0x280A      	GOTO       _CC2D_Loop1
;__Lib_System.c,152 :: 		
L_end___CC2DW:
0x0015	0x0008      	RETURN
; end of ___CC2DW
_main:
0x0016	0x30C0      	MOVLW      192
0x0017	0x1283      	BCF        STATUS, 5
0x0018	0x1303      	BCF        STATUS, 6
0x0019	0x00A0      	MOVWF      _array_ca
0x001A	0x30F9      	MOVLW      249
0x001B	0x00A1      	MOVWF      33
0x001C	0x30A4      	MOVLW      164
0x001D	0x00A2      	MOVWF      34
0x001E	0x30B0      	MOVLW      176
0x001F	0x00A3      	MOVWF      35
0x0020	0x3099      	MOVLW      153
0x0021	0x00A4      	MOVWF      36
0x0022	0x3092      	MOVLW      146
0x0023	0x00A5      	MOVWF      37
0x0024	0x3082      	MOVLW      130
0x0025	0x00A6      	MOVWF      38
0x0026	0x30F8      	MOVLW      248
0x0027	0x00A7      	MOVWF      39
0x0028	0x3080      	MOVLW      128
0x0029	0x00A8      	MOVWF      40
0x002A	0x3090      	MOVLW      144
0x002B	0x00A9      	MOVWF      41
;MyProject.c,2 :: 		void main() {
;MyProject.c,3 :: 		int i=0;
0x002C	0x01AC      	CLRF       main_i_L0
0x002D	0x01AD      	CLRF       main_i_L0+1
;MyProject.c,4 :: 		TRISB = 0x00;    //Set portb as output
0x002E	0x1683      	BSF        STATUS, 5
0x002F	0x0186      	CLRF       TRISB
;MyProject.c,5 :: 		TRISD = 0xff;    //Set portd as input
0x0030	0x30FF      	MOVLW      255
0x0031	0x0088      	MOVWF      TRISD
;MyProject.c,6 :: 		while(1)
L_main0:
;MyProject.c,7 :: 		{   portb = array_ca[i];
0x0032	0x1283      	BCF        STATUS, 5
0x0033	0x082C      	MOVF       main_i_L0, 0
0x0034	0x3E20      	ADDLW      _array_ca
0x0035	0x0084      	MOVWF      FSR
0x0036	0x0800      	MOVF       INDF, 0
0x0037	0x0086      	MOVWF      PORTB
;MyProject.c,8 :: 		if(portd.f0==0xff)
0x0038	0x1C08      	BTFSS      PORTD, 0
0x0039	0x2856      	GOTO       L_main2
;MyProject.c,10 :: 		delay_ms(200);
0x003A	0x3003      	MOVLW      3
0x003B	0x00FB      	MOVWF      R11
0x003C	0x3008      	MOVLW      8
0x003D	0x00FC      	MOVWF      R12
0x003E	0x3077      	MOVLW      119
0x003F	0x00FD      	MOVWF      R13
L_main3:
0x0040	0x0BFD      	DECFSZ     R13, 1
0x0041	0x2840      	GOTO       L_main3
0x0042	0x0BFC      	DECFSZ     R12, 1
0x0043	0x2840      	GOTO       L_main3
0x0044	0x0BFB      	DECFSZ     R11, 1
0x0045	0x2840      	GOTO       L_main3
;MyProject.c,11 :: 		if(portd.f0==0xff)
0x0046	0x1C08      	BTFSS      PORTD, 0
0x0047	0x2856      	GOTO       L_main4
;MyProject.c,14 :: 		if(i<9)
0x0048	0x3080      	MOVLW      128
0x0049	0x062D      	XORWF      main_i_L0+1, 0
0x004A	0x00F0      	MOVWF      R0
0x004B	0x3080      	MOVLW      128
0x004C	0x0270      	SUBWF      R0, 0
0x004D	0x1D03      	BTFSS      STATUS, 2
0x004E	0x2851      	GOTO       L__main11
0x004F	0x3009      	MOVLW      9
0x0050	0x022C      	SUBWF      main_i_L0, 0
L__main11:
0x0051	0x1803      	BTFSC      STATUS, 0
0x0052	0x2856      	GOTO       L_main5
;MyProject.c,16 :: 		i++;
0x0053	0x0AAC      	INCF       main_i_L0, 1
0x0054	0x1903      	BTFSC      STATUS, 2
0x0055	0x0AAD      	INCF       main_i_L0+1, 1
;MyProject.c,17 :: 		}
L_main5:
;MyProject.c,18 :: 		}
L_main4:
;MyProject.c,19 :: 		}
L_main2:
;MyProject.c,20 :: 		if(portd.f1==0xff)
0x0056	0x1C88      	BTFSS      PORTD, 1
0x0057	0x2875      	GOTO       L_main6
;MyProject.c,22 :: 		delay_ms(200);
0x0058	0x3003      	MOVLW      3
0x0059	0x00FB      	MOVWF      R11
0x005A	0x3008      	MOVLW      8
0x005B	0x00FC      	MOVWF      R12
0x005C	0x3077      	MOVLW      119
0x005D	0x00FD      	MOVWF      R13
L_main7:
0x005E	0x0BFD      	DECFSZ     R13, 1
0x005F	0x285E      	GOTO       L_main7
0x0060	0x0BFC      	DECFSZ     R12, 1
0x0061	0x285E      	GOTO       L_main7
0x0062	0x0BFB      	DECFSZ     R11, 1
0x0063	0x285E      	GOTO       L_main7
;MyProject.c,23 :: 		if(portd.f1==0xff)
0x0064	0x1C88      	BTFSS      PORTD, 1
0x0065	0x2875      	GOTO       L_main8
;MyProject.c,26 :: 		if(i<=9)
0x0066	0x3080      	MOVLW      128
0x0067	0x00F0      	MOVWF      R0
0x0068	0x3080      	MOVLW      128
0x0069	0x062D      	XORWF      main_i_L0+1, 0
0x006A	0x0270      	SUBWF      R0, 0
0x006B	0x1D03      	BTFSS      STATUS, 2
0x006C	0x286F      	GOTO       L__main12
0x006D	0x082C      	MOVF       main_i_L0, 0
0x006E	0x3C09      	SUBLW      9
L__main12:
0x006F	0x1C03      	BTFSS      STATUS, 0
0x0070	0x2875      	GOTO       L_main9
;MyProject.c,28 :: 		i--;
0x0071	0x3001      	MOVLW      1
0x0072	0x02AC      	SUBWF      main_i_L0, 1
0x0073	0x1C03      	BTFSS      STATUS, 0
0x0074	0x03AD      	DECF       main_i_L0+1, 1
;MyProject.c,29 :: 		}
L_main9:
;MyProject.c,30 :: 		}
L_main8:
;MyProject.c,31 :: 		}
L_main6:
;MyProject.c,32 :: 		}
0x0075	0x2832      	GOTO       L_main0
;MyProject.c,34 :: 		}
L_end_main:
0x0076	0x2876      	GOTO       $+0
; end of _main
Symbol List:
//** Routines locations **
//ADDRESS    SIZE    PROCEDURE
//----------------------------------------------
0x0003       [7]    _____DoICP
0x000A      [12]    ___CC2DW
0x0016      [97]    _main
//** Variables locations ** 
//ADDRESS    SIZE    VARIABLE
//----------------------------------------------
0x0000       [1]    INDF
0x0002       [1]    PCL
0x0003       [1]    STATUS
0x0004       [1]    FSR
0x0006       [1]    PORTB
0x0008       [1]    PORTD
0x000A       [1]    PCLATH
0x0020      [10]    _array_ca
0x002A       [2]    ___DoICPAddr
0x002C       [2]    main_i_L0
0x0070       [1]    R0
0x0071       [1]    R1
0x0072       [1]    R2
0x0073       [1]    R3
0x0074       [1]    R4
0x0075       [1]    R5
0x0076       [1]    R6
0x0077       [1]    R7
0x0078       [1]    R8
0x0079       [1]    R9
0x007A       [1]    R10
0x007B       [1]    R11
0x007C       [1]    R12
0x007D       [1]    R13
0x007E       [1]    R14
0x007F       [1]    R15
0x0086       [1]    TRISB
0x0088       [1]    TRISD
