;  LST file generated by mikroListExporter - v.2.0 
; Date/Time: 9/20/2025 10:36:56 PM
;----------------------------------------------

;Address Opcode 	ASM
0x0000	0x28A4      	GOTO       164
_button_response:
;digit_segment.c,4 :: 		int button_response( int bt )
;digit_segment.c,6 :: 		if(portd.f1==1)
0x0003	0x1283      	BCF        STATUS, 5
0x0004	0x1303      	BCF        STATUS, 6
0x0005	0x1C88      	BTFSS      PORTD, 1
0x0006	0x2822      	GOTO       L_button_response0
;digit_segment.c,8 :: 		delay_ms(150);
0x0007	0x3002      	MOVLW      2
0x0008	0x00FB      	MOVWF      R11
0x0009	0x3086      	MOVLW      134
0x000A	0x00FC      	MOVWF      R12
0x000B	0x3099      	MOVLW      153
0x000C	0x00FD      	MOVWF      R13
L_button_response1:
0x000D	0x0BFD      	DECFSZ     R13, 1
0x000E	0x280D      	GOTO       L_button_response1
0x000F	0x0BFC      	DECFSZ     R12, 1
0x0010	0x280D      	GOTO       L_button_response1
0x0011	0x0BFB      	DECFSZ     R11, 1
0x0012	0x280D      	GOTO       L_button_response1
;digit_segment.c,9 :: 		if(portd.f1==1)
0x0013	0x1C88      	BTFSS      PORTD, 1
0x0014	0x2822      	GOTO       L_button_response2
;digit_segment.c,11 :: 		bt++;
0x0015	0x0AB6      	INCF       FARG_button_response_bt, 1
0x0016	0x1903      	BTFSC      STATUS, 2
0x0017	0x0AB7      	INCF       FARG_button_response_bt+1, 1
;digit_segment.c,12 :: 		if(bt==10)
0x0018	0x3000      	MOVLW      0
0x0019	0x0637      	XORWF      FARG_button_response_bt+1, 0
0x001A	0x1D03      	BTFSS      STATUS, 2
0x001B	0x281E      	GOTO       L__button_response21
0x001C	0x300A      	MOVLW      10
0x001D	0x0636      	XORWF      FARG_button_response_bt, 0
L__button_response21:
0x001E	0x1D03      	BTFSS      STATUS, 2
0x001F	0x2822      	GOTO       L_button_response3
;digit_segment.c,14 :: 		bt=0;
0x0020	0x01B6      	CLRF       FARG_button_response_bt
0x0021	0x01B7      	CLRF       FARG_button_response_bt+1
;digit_segment.c,15 :: 		}
L_button_response3:
;digit_segment.c,16 :: 		}
L_button_response2:
;digit_segment.c,17 :: 		}
L_button_response0:
;digit_segment.c,19 :: 		return bt;
0x0022	0x0836      	MOVF       FARG_button_response_bt, 0
0x0023	0x00F0      	MOVWF      R0
0x0024	0x0837      	MOVF       FARG_button_response_bt+1, 0
0x0025	0x00F1      	MOVWF      R0+1
;digit_segment.c,20 :: 		}
L_end_button_response:
0x0026	0x0008      	RETURN
; end of _button_response
_____DoICP:
;__Lib_System.c,6 :: 		
;__Lib_System.c,9 :: 		
0x0027	0x1283      	BCF        STATUS, 5
0x0028	0x1303      	BCF        STATUS, 6
0x0029	0x0835      	MOVF       ___DoICPAddr+1, 0
0x002A	0x008A      	MOVWF      PCLATH
;__Lib_System.c,10 :: 		
0x002B	0x0834      	MOVF       ___DoICPAddr, 0
0x002C	0x0082      	MOVWF      PCL
;__Lib_System.c,12 :: 		
L_end_____DoICP:
0x002D	0x0008      	RETURN
; end of _____DoICP
___CC2DW:
;__Lib_System.c,134 :: 		
;__Lib_System.c,137 :: 		
_CC2D_Loop1:
;__Lib_System.c,139 :: 		
0x002E	0x2027      	CALL       _____DoICP
0x002F	0x118A      	BCF        PCLATH, 3
0x0030	0x120A      	BCF        PCLATH, 4
;__Lib_System.c,141 :: 		
0x0031	0x0080      	MOVWF      INDF
;__Lib_System.c,142 :: 		
0x0032	0x0A84      	INCF       FSR, 1
;__Lib_System.c,143 :: 		
0x0033	0x0AB4      	INCF       ___DoICPAddr, 1
;__Lib_System.c,145 :: 		
0x0034	0x1903      	BTFSC      STATUS, 2
;__Lib_System.c,146 :: 		
0x0035	0x0AB5      	INCF       ___DoICPAddr+1, 1
;__Lib_System.c,147 :: 		
0x0036	0x03F0      	DECF       R0, 1
;__Lib_System.c,149 :: 		
0x0037	0x1D03      	BTFSS      STATUS, 2
;__Lib_System.c,150 :: 		
0x0038	0x282E      	GOTO       _CC2D_Loop1
;__Lib_System.c,152 :: 		
L_end___CC2DW:
0x0039	0x0008      	RETURN
; end of ___CC2DW
_button_click:
;digit_segment.c,22 :: 		void button_click()
;digit_segment.c,24 :: 		if(portd.f0==1)
0x003A	0x1283      	BCF        STATUS, 5
0x003B	0x1303      	BCF        STATUS, 6
0x003C	0x1C08      	BTFSS      PORTD, 0
0x003D	0x285A      	GOTO       L_button_click4
;digit_segment.c,26 :: 		delay_ms(100);
0x003E	0x3002      	MOVLW      2
0x003F	0x00FB      	MOVWF      R11
0x0040	0x3004      	MOVLW      4
0x0041	0x00FC      	MOVWF      R12
0x0042	0x30BA      	MOVLW      186
0x0043	0x00FD      	MOVWF      R13
L_button_click5:
0x0044	0x0BFD      	DECFSZ     R13, 1
0x0045	0x2844      	GOTO       L_button_click5
0x0046	0x0BFC      	DECFSZ     R12, 1
0x0047	0x2844      	GOTO       L_button_click5
0x0048	0x0BFB      	DECFSZ     R11, 1
0x0049	0x2844      	GOTO       L_button_click5
0x004A	0x0000      	NOP
;digit_segment.c,27 :: 		if(portd.f0==1)
0x004B	0x1C08      	BTFSS      PORTD, 0
0x004C	0x285A      	GOTO       L_button_click6
;digit_segment.c,29 :: 		clk++;
0x004D	0x0AAE      	INCF       _clk, 1
0x004E	0x1903      	BTFSC      STATUS, 2
0x004F	0x0AAF      	INCF       _clk+1, 1
;digit_segment.c,30 :: 		if(clk==4)
0x0050	0x3000      	MOVLW      0
0x0051	0x062F      	XORWF      _clk+1, 0
0x0052	0x1D03      	BTFSS      STATUS, 2
0x0053	0x2856      	GOTO       L__button_click23
0x0054	0x3004      	MOVLW      4
0x0055	0x062E      	XORWF      _clk, 0
L__button_click23:
0x0056	0x1D03      	BTFSS      STATUS, 2
0x0057	0x285A      	GOTO       L_button_click7
;digit_segment.c,32 :: 		clk=0;
0x0058	0x01AE      	CLRF       _clk
0x0059	0x01AF      	CLRF       _clk+1
;digit_segment.c,33 :: 		}
L_button_click7:
;digit_segment.c,34 :: 		}
L_button_click6:
;digit_segment.c,35 :: 		}
L_button_click4:
;digit_segment.c,36 :: 		switch(clk)
0x005A	0x2883      	GOTO       L_button_click8
;digit_segment.c,39 :: 		case 0:
L_button_click10:
;digit_segment.c,40 :: 		bt_zero= button_response( bt_zero);
0x005B	0x0830      	MOVF       _bt_zero, 0
0x005C	0x00B6      	MOVWF      FARG_button_response_bt
0x005D	0x0831      	MOVF       _bt_zero+1, 0
0x005E	0x00B7      	MOVWF      FARG_button_response_bt+1
0x005F	0x2003      	CALL       _button_response
0x0060	0x0870      	MOVF       R0, 0
0x0061	0x00B0      	MOVWF      _bt_zero
0x0062	0x0871      	MOVF       R0+1, 0
0x0063	0x00B1      	MOVWF      _bt_zero+1
;digit_segment.c,41 :: 		break;
0x0064	0x28A3      	GOTO       L_button_click9
;digit_segment.c,42 :: 		case 1:
L_button_click11:
;digit_segment.c,43 :: 		bt_one= button_response( bt_one);
0x0065	0x0832      	MOVF       _bt_one, 0
0x0066	0x00B6      	MOVWF      FARG_button_response_bt
0x0067	0x0833      	MOVF       _bt_one+1, 0
0x0068	0x00B7      	MOVWF      FARG_button_response_bt+1
0x0069	0x2003      	CALL       _button_response
0x006A	0x0870      	MOVF       R0, 0
0x006B	0x00B2      	MOVWF      _bt_one
0x006C	0x0871      	MOVF       R0+1, 0
0x006D	0x00B3      	MOVWF      _bt_one+1
;digit_segment.c,44 :: 		break;
0x006E	0x28A3      	GOTO       L_button_click9
;digit_segment.c,45 :: 		case 2:
L_button_click12:
;digit_segment.c,46 :: 		bt_two= button_response( bt_two);
0x006F	0x0820      	MOVF       _bt_two, 0
0x0070	0x00B6      	MOVWF      FARG_button_response_bt
0x0071	0x0821      	MOVF       _bt_two+1, 0
0x0072	0x00B7      	MOVWF      FARG_button_response_bt+1
0x0073	0x2003      	CALL       _button_response
0x0074	0x0870      	MOVF       R0, 0
0x0075	0x00A0      	MOVWF      _bt_two
0x0076	0x0871      	MOVF       R0+1, 0
0x0077	0x00A1      	MOVWF      _bt_two+1
;digit_segment.c,47 :: 		break;
0x0078	0x28A3      	GOTO       L_button_click9
;digit_segment.c,48 :: 		case 3:
L_button_click13:
;digit_segment.c,49 :: 		bt_three= button_response( bt_three);
0x0079	0x0822      	MOVF       _bt_three, 0
0x007A	0x00B6      	MOVWF      FARG_button_response_bt
0x007B	0x0823      	MOVF       _bt_three+1, 0
0x007C	0x00B7      	MOVWF      FARG_button_response_bt+1
0x007D	0x2003      	CALL       _button_response
0x007E	0x0870      	MOVF       R0, 0
0x007F	0x00A2      	MOVWF      _bt_three
0x0080	0x0871      	MOVF       R0+1, 0
0x0081	0x00A3      	MOVWF      _bt_three+1
;digit_segment.c,50 :: 		break;
0x0082	0x28A3      	GOTO       L_button_click9
;digit_segment.c,53 :: 		}
L_button_click8:
0x0083	0x3000      	MOVLW      0
0x0084	0x062F      	XORWF      _clk+1, 0
0x0085	0x1D03      	BTFSS      STATUS, 2
0x0086	0x2889      	GOTO       L__button_click24
0x0087	0x3000      	MOVLW      0
0x0088	0x062E      	XORWF      _clk, 0
L__button_click24:
0x0089	0x1903      	BTFSC      STATUS, 2
0x008A	0x285B      	GOTO       L_button_click10
0x008B	0x3000      	MOVLW      0
0x008C	0x062F      	XORWF      _clk+1, 0
0x008D	0x1D03      	BTFSS      STATUS, 2
0x008E	0x2891      	GOTO       L__button_click25
0x008F	0x3001      	MOVLW      1
0x0090	0x062E      	XORWF      _clk, 0
L__button_click25:
0x0091	0x1903      	BTFSC      STATUS, 2
0x0092	0x2865      	GOTO       L_button_click11
0x0093	0x3000      	MOVLW      0
0x0094	0x062F      	XORWF      _clk+1, 0
0x0095	0x1D03      	BTFSS      STATUS, 2
0x0096	0x2899      	GOTO       L__button_click26
0x0097	0x3002      	MOVLW      2
0x0098	0x062E      	XORWF      _clk, 0
L__button_click26:
0x0099	0x1903      	BTFSC      STATUS, 2
0x009A	0x286F      	GOTO       L_button_click12
0x009B	0x3000      	MOVLW      0
0x009C	0x062F      	XORWF      _clk+1, 0
0x009D	0x1D03      	BTFSS      STATUS, 2
0x009E	0x28A1      	GOTO       L__button_click27
0x009F	0x3003      	MOVLW      3
0x00A0	0x062E      	XORWF      _clk, 0
L__button_click27:
0x00A1	0x1903      	BTFSC      STATUS, 2
0x00A2	0x2879      	GOTO       L_button_click13
L_button_click9:
;digit_segment.c,55 :: 		}
L_end_button_click:
0x00A3	0x0008      	RETURN
; end of _button_click
_main:
0x00A4	0x1283      	BCF        STATUS, 5
0x00A5	0x1303      	BCF        STATUS, 6
0x00A6	0x01A0      	CLRF       _bt_two
0x00A7	0x01A1      	CLRF       33
0x00A8	0x01A2      	CLRF       _bt_three
0x00A9	0x01A3      	CLRF       35
0x00AA	0x303F      	MOVLW      63
0x00AB	0x00A4      	MOVWF      _arraycc
0x00AC	0x3006      	MOVLW      6
0x00AD	0x00A5      	MOVWF      37
0x00AE	0x305B      	MOVLW      91
0x00AF	0x00A6      	MOVWF      38
0x00B0	0x304F      	MOVLW      79
0x00B1	0x00A7      	MOVWF      39
0x00B2	0x3066      	MOVLW      102
0x00B3	0x00A8      	MOVWF      40
0x00B4	0x306D      	MOVLW      109
0x00B5	0x00A9      	MOVWF      41
0x00B6	0x307D      	MOVLW      125
0x00B7	0x00AA      	MOVWF      42
0x00B8	0x3007      	MOVLW      7
0x00B9	0x00AB      	MOVWF      43
0x00BA	0x307F      	MOVLW      127
0x00BB	0x00AC      	MOVWF      44
0x00BC	0x306F      	MOVLW      111
0x00BD	0x00AD      	MOVWF      45
0x00BE	0x01AE      	CLRF       _clk
0x00BF	0x01AF      	CLRF       47
0x00C0	0x01B0      	CLRF       _bt_zero
0x00C1	0x01B1      	CLRF       49
0x00C2	0x01B2      	CLRF       _bt_one
0x00C3	0x01B3      	CLRF       51
;digit_segment.c,60 :: 		void main() {
;digit_segment.c,61 :: 		TrisB=0x00;//initialize as output
0x00C4	0x1683      	BSF        STATUS, 5
0x00C5	0x0186      	CLRF       TRISB
;digit_segment.c,62 :: 		TrisC=0x00;// initialize as output
0x00C6	0x0187      	CLRF       TRISC
;digit_segment.c,63 :: 		TrisD=0xff; //initialize as input
0x00C7	0x30FF      	MOVLW      255
0x00C8	0x0088      	MOVWF      TRISD
;digit_segment.c,64 :: 		portb=0x00;
0x00C9	0x1283      	BCF        STATUS, 5
0x00CA	0x0186      	CLRF       PORTB
;digit_segment.c,65 :: 		portc=0x00;
0x00CB	0x0187      	CLRF       PORTC
;digit_segment.c,68 :: 		while(1)
L_main14:
;digit_segment.c,70 :: 		button_click();
0x00CC	0x203A      	CALL       _button_click
;digit_segment.c,73 :: 		portc.f0=0;
0x00CD	0x1007      	BCF        PORTC, 0
;digit_segment.c,74 :: 		portb=arraycc[bt_zero];
0x00CE	0x0830      	MOVF       _bt_zero, 0
0x00CF	0x3E24      	ADDLW      _arraycc
0x00D0	0x0084      	MOVWF      FSR
0x00D1	0x0800      	MOVF       INDF, 0
0x00D2	0x0086      	MOVWF      PORTB
;digit_segment.c,75 :: 		delay_ms(10);
0x00D3	0x301A      	MOVLW      26
0x00D4	0x00FC      	MOVWF      R12
0x00D5	0x30F8      	MOVLW      248
0x00D6	0x00FD      	MOVWF      R13
L_main16:
0x00D7	0x0BFD      	DECFSZ     R13, 1
0x00D8	0x28D7      	GOTO       L_main16
0x00D9	0x0BFC      	DECFSZ     R12, 1
0x00DA	0x28D7      	GOTO       L_main16
0x00DB	0x0000      	NOP
;digit_segment.c,76 :: 		portc.f0=1;
0x00DC	0x1407      	BSF        PORTC, 0
;digit_segment.c,78 :: 		portc.f1=0;
0x00DD	0x1087      	BCF        PORTC, 1
;digit_segment.c,79 :: 		portb=arraycc[bt_one];
0x00DE	0x0832      	MOVF       _bt_one, 0
0x00DF	0x3E24      	ADDLW      _arraycc
0x00E0	0x0084      	MOVWF      FSR
0x00E1	0x0800      	MOVF       INDF, 0
0x00E2	0x0086      	MOVWF      PORTB
;digit_segment.c,80 :: 		delay_ms(10);
0x00E3	0x301A      	MOVLW      26
0x00E4	0x00FC      	MOVWF      R12
0x00E5	0x30F8      	MOVLW      248
0x00E6	0x00FD      	MOVWF      R13
L_main17:
0x00E7	0x0BFD      	DECFSZ     R13, 1
0x00E8	0x28E7      	GOTO       L_main17
0x00E9	0x0BFC      	DECFSZ     R12, 1
0x00EA	0x28E7      	GOTO       L_main17
0x00EB	0x0000      	NOP
;digit_segment.c,81 :: 		portc.f1=1;
0x00EC	0x1487      	BSF        PORTC, 1
;digit_segment.c,83 :: 		portc.f2=0;
0x00ED	0x1107      	BCF        PORTC, 2
;digit_segment.c,84 :: 		portb=arraycc[bt_two];
0x00EE	0x0820      	MOVF       _bt_two, 0
0x00EF	0x3E24      	ADDLW      _arraycc
0x00F0	0x0084      	MOVWF      FSR
0x00F1	0x0800      	MOVF       INDF, 0
0x00F2	0x0086      	MOVWF      PORTB
;digit_segment.c,85 :: 		delay_ms(10);
0x00F3	0x301A      	MOVLW      26
0x00F4	0x00FC      	MOVWF      R12
0x00F5	0x30F8      	MOVLW      248
0x00F6	0x00FD      	MOVWF      R13
L_main18:
0x00F7	0x0BFD      	DECFSZ     R13, 1
0x00F8	0x28F7      	GOTO       L_main18
0x00F9	0x0BFC      	DECFSZ     R12, 1
0x00FA	0x28F7      	GOTO       L_main18
0x00FB	0x0000      	NOP
;digit_segment.c,86 :: 		portc.f2=1;
0x00FC	0x1507      	BSF        PORTC, 2
;digit_segment.c,88 :: 		portc.f3=0;
0x00FD	0x1187      	BCF        PORTC, 3
;digit_segment.c,89 :: 		portb=arraycc[bt_three];
0x00FE	0x0822      	MOVF       _bt_three, 0
0x00FF	0x3E24      	ADDLW      _arraycc
0x0100	0x0084      	MOVWF      FSR
0x0101	0x0800      	MOVF       INDF, 0
0x0102	0x0086      	MOVWF      PORTB
;digit_segment.c,90 :: 		delay_ms(10);
0x0103	0x301A      	MOVLW      26
0x0104	0x00FC      	MOVWF      R12
0x0105	0x30F8      	MOVLW      248
0x0106	0x00FD      	MOVWF      R13
L_main19:
0x0107	0x0BFD      	DECFSZ     R13, 1
0x0108	0x2907      	GOTO       L_main19
0x0109	0x0BFC      	DECFSZ     R12, 1
0x010A	0x2907      	GOTO       L_main19
0x010B	0x0000      	NOP
;digit_segment.c,91 :: 		portc.f3=1;
0x010C	0x1587      	BSF        PORTC, 3
;digit_segment.c,93 :: 		}
0x010D	0x28CC      	GOTO       L_main14
;digit_segment.c,97 :: 		}
L_end_main:
0x010E	0x290E      	GOTO       $+0
; end of _main
Symbol List:
//** Routines locations **
//ADDRESS    SIZE    PROCEDURE
//----------------------------------------------
0x0003      [36]    _button_response
0x0027       [7]    _____DoICP
0x002E      [12]    ___CC2DW
0x003A     [106]    _button_click
0x00A4     [107]    _main
//** Variables locations ** 
//ADDRESS    SIZE    VARIABLE
//----------------------------------------------
0x0000       [1]    INDF
0x0002       [1]    PCL
0x0003       [1]    STATUS
0x0004       [1]    FSR
0x0006       [1]    PORTB
0x0007       [1]    PORTC
0x0008       [1]    PORTD
0x000A       [1]    PCLATH
0x0020       [2]    _bt_two
0x0022       [2]    _bt_three
0x0024      [10]    _arraycc
0x002E       [2]    _clk
0x0030       [2]    _bt_zero
0x0032       [2]    _bt_one
0x0034       [2]    ___DoICPAddr
0x0036       [2]    FARG_button_response_bt
0x0070       [1]    R0
0x0071       [1]    R1
0x0072       [1]    R2
0x0073       [1]    R3
0x0074       [1]    R4
0x0075       [1]    R5
0x0076       [1]    R6
0x0077       [1]    R7
0x0078       [1]    R8
0x0079       [1]    R9
0x007A       [1]    R10
0x007B       [1]    R11
0x007C       [1]    R12
0x007D       [1]    R13
0x007E       [1]    R14
0x007F       [1]    R15
0x0086       [1]    TRISB
0x0087       [1]    TRISC
0x0088       [1]    TRISD
