;  LST file generated by mikroListExporter - v.2.0 
; Date/Time: 7/12/2025 4:00:43 PM
;----------------------------------------------

;Address Opcode 	ASM
0x0000	0x2843      	GOTO       67
_____DoICP:
;__Lib_System.c,6 :: 		
;__Lib_System.c,9 :: 		
0x0003	0x1283      	BCF        STATUS, 5
0x0004	0x1303      	BCF        STATUS, 6
0x0005	0x082B      	MOVF       ___DoICPAddr+1, 0
0x0006	0x008A      	MOVWF      PCLATH
;__Lib_System.c,10 :: 		
0x0007	0x082A      	MOVF       ___DoICPAddr, 0
0x0008	0x0082      	MOVWF      PCL
;__Lib_System.c,12 :: 		
L_end_____DoICP:
0x0009	0x0008      	RETURN
; end of _____DoICP
___CC2DW:
;__Lib_System.c,134 :: 		
;__Lib_System.c,137 :: 		
_CC2D_Loop1:
;__Lib_System.c,139 :: 		
0x000A	0x2003      	CALL       _____DoICP
0x000B	0x118A      	BCF        PCLATH, 3
0x000C	0x120A      	BCF        PCLATH, 4
;__Lib_System.c,141 :: 		
0x000D	0x0080      	MOVWF      INDF
;__Lib_System.c,142 :: 		
0x000E	0x0A84      	INCF       FSR, 1
;__Lib_System.c,143 :: 		
0x000F	0x0AAA      	INCF       ___DoICPAddr, 1
;__Lib_System.c,145 :: 		
0x0010	0x1903      	BTFSC      STATUS, 2
;__Lib_System.c,146 :: 		
0x0011	0x0AAB      	INCF       ___DoICPAddr+1, 1
;__Lib_System.c,147 :: 		
0x0012	0x03F0      	DECF       R0, 1
;__Lib_System.c,149 :: 		
0x0013	0x1D03      	BTFSS      STATUS, 2
;__Lib_System.c,150 :: 		
0x0014	0x280A      	GOTO       _CC2D_Loop1
;__Lib_System.c,152 :: 		
L_end___CC2DW:
0x0015	0x0008      	RETURN
; end of ___CC2DW
_EEPROM_Write:
;__Lib_EEPROM.c,16 :: 		
;__Lib_EEPROM.c,20 :: 		
L_EEPROM_Write0:
0x0016	0x1683      	BSF        STATUS, 5
0x0017	0x1703      	BSF        STATUS, 6
0x0018	0x1C8C      	BTFSS      EECON1, 1
0x0019	0x281C      	GOTO       L_EEPROM_Write1
0x001A	0x0000      	NOP
0x001B	0x2816      	GOTO       L_EEPROM_Write0
L_EEPROM_Write1:
;__Lib_EEPROM.c,21 :: 		
0x001C	0x1283      	BCF        STATUS, 5
0x001D	0x1303      	BCF        STATUS, 6
0x001E	0x082E      	MOVF       FARG_EEPROM_Write_Address, 0
0x001F	0x1703      	BSF        STATUS, 6
0x0020	0x008D      	MOVWF      EEADR
;__Lib_EEPROM.c,22 :: 		
0x0021	0x1303      	BCF        STATUS, 6
0x0022	0x082F      	MOVF       FARG_EEPROM_Write_data_, 0
0x0023	0x1703      	BSF        STATUS, 6
0x0024	0x008C      	MOVWF      EEDATA
;__Lib_EEPROM.c,23 :: 		
0x0025	0x1683      	BSF        STATUS, 5
0x0026	0x138C      	BCF        EECON1, 7
;__Lib_EEPROM.c,24 :: 		
0x0027	0x150C      	BSF        EECON1, 2
;__Lib_EEPROM.c,26 :: 		
0x0028	0x080B      	MOVF       INTCON, 0
0x0029	0x00F0      	MOVWF      R0
;__Lib_EEPROM.c,29 :: 		
0x002A	0x138B      	BCF        INTCON, 7
;__Lib_EEPROM.c,30 :: 		
0x002B	0x3055      	MOVLW      85
0x002C	0x008D      	MOVWF      EECON2
;__Lib_EEPROM.c,31 :: 		
0x002D	0x30AA      	MOVLW      170
0x002E	0x008D      	MOVWF      EECON2
;__Lib_EEPROM.c,32 :: 		
0x002F	0x148C      	BSF        EECON1, 1
;__Lib_EEPROM.c,36 :: 		
0x0030	0x1BF0      	BTFSC      R0, 7
0x0031	0x2834      	GOTO       L__EEPROM_Write4
0x0032	0x138B      	BCF        INTCON, 7
0x0033	0x2835      	GOTO       L__EEPROM_Write5
L__EEPROM_Write4:
0x0034	0x178B      	BSF        INTCON, 7
L__EEPROM_Write5:
;__Lib_EEPROM.c,37 :: 		
0x0035	0x110C      	BCF        EECON1, 2
;__Lib_EEPROM.c,38 :: 		
L_end_EEPROM_Write:
0x0036	0x0008      	RETURN
; end of _EEPROM_Write
_EEPROM_Read:
;__Lib_EEPROM.c,4 :: 		
;__Lib_EEPROM.c,5 :: 		
0x0037	0x1283      	BCF        STATUS, 5
0x0038	0x1303      	BCF        STATUS, 6
0x0039	0x082E      	MOVF       FARG_EEPROM_Read_Address, 0
0x003A	0x1703      	BSF        STATUS, 6
0x003B	0x008D      	MOVWF      EEADR
;__Lib_EEPROM.c,6 :: 		
0x003C	0x1683      	BSF        STATUS, 5
0x003D	0x138C      	BCF        EECON1, 7
;__Lib_EEPROM.c,12 :: 		
0x003E	0x140C      	BSF        EECON1, 0
;__Lib_EEPROM.c,13 :: 		
0x003F	0x1283      	BCF        STATUS, 5
0x0040	0x080C      	MOVF       EEDATA, 0
0x0041	0x00F0      	MOVWF      R0
;__Lib_EEPROM.c,14 :: 		
L_end_EEPROM_Read:
0x0042	0x0008      	RETURN
; end of _EEPROM_Read
_main:
0x0043	0x30C0      	MOVLW      192
0x0044	0x1283      	BCF        STATUS, 5
0x0045	0x1303      	BCF        STATUS, 6
0x0046	0x00A0      	MOVWF      _array
0x0047	0x30F9      	MOVLW      249
0x0048	0x00A1      	MOVWF      33
0x0049	0x30A4      	MOVLW      164
0x004A	0x00A2      	MOVWF      34
0x004B	0x30B0      	MOVLW      176
0x004C	0x00A3      	MOVWF      35
0x004D	0x3099      	MOVLW      153
0x004E	0x00A4      	MOVWF      36
0x004F	0x3092      	MOVLW      146
0x0050	0x00A5      	MOVWF      37
0x0051	0x3082      	MOVLW      130
0x0052	0x00A6      	MOVWF      38
0x0053	0x30F8      	MOVLW      248
0x0054	0x00A7      	MOVWF      39
0x0055	0x3080      	MOVLW      128
0x0056	0x00A8      	MOVWF      40
0x0057	0x3090      	MOVLW      144
0x0058	0x00A9      	MOVWF      41
;MyProject.c,3 :: 		void main()
;MyProject.c,6 :: 		TRISB = 0x00;
0x0059	0x1683      	BSF        STATUS, 5
0x005A	0x0186      	CLRF       TRISB
;MyProject.c,7 :: 		TRISD = 0xFF;
0x005B	0x30FF      	MOVLW      255
0x005C	0x0088      	MOVWF      TRISD
;MyProject.c,10 :: 		i = EEPROM_Read(0x00);
0x005D	0x1283      	BCF        STATUS, 5
0x005E	0x01AE      	CLRF       FARG_EEPROM_Read_Address
0x005F	0x2037      	CALL       _EEPROM_Read
0x0060	0x0870      	MOVF       R0, 0
0x0061	0x1303      	BCF        STATUS, 6
0x0062	0x00AC      	MOVWF      main_i_L0
0x0063	0x01AD      	CLRF       main_i_L0+1
;MyProject.c,11 :: 		if (i < 0 || i > 9) i = 0; // safety check in case of invalid EEPROM value
0x0064	0x3080      	MOVLW      128
0x0065	0x062D      	XORWF      main_i_L0+1, 0
0x0066	0x00F0      	MOVWF      R0
0x0067	0x3080      	MOVLW      128
0x0068	0x0270      	SUBWF      R0, 0
0x0069	0x1D03      	BTFSS      STATUS, 2
0x006A	0x286D      	GOTO       L__main17
0x006B	0x3000      	MOVLW      0
0x006C	0x022C      	SUBWF      main_i_L0, 0
L__main17:
0x006D	0x1C03      	BTFSS      STATUS, 0
0x006E	0x287B      	GOTO       L__main15
0x006F	0x3080      	MOVLW      128
0x0070	0x00F0      	MOVWF      R0
0x0071	0x3080      	MOVLW      128
0x0072	0x062D      	XORWF      main_i_L0+1, 0
0x0073	0x0270      	SUBWF      R0, 0
0x0074	0x1D03      	BTFSS      STATUS, 2
0x0075	0x2878      	GOTO       L__main18
0x0076	0x082C      	MOVF       main_i_L0, 0
0x0077	0x3C09      	SUBLW      9
L__main18:
0x0078	0x1C03      	BTFSS      STATUS, 0
0x0079	0x287B      	GOTO       L__main15
0x007A	0x287D      	GOTO       L_main2
L__main15:
0x007B	0x01AC      	CLRF       main_i_L0
0x007C	0x01AD      	CLRF       main_i_L0+1
L_main2:
;MyProject.c,13 :: 		PORTB = array[i];
0x007D	0x082C      	MOVF       main_i_L0, 0
0x007E	0x3E20      	ADDLW      _array
0x007F	0x0084      	MOVWF      FSR
0x0080	0x0800      	MOVF       INDF, 0
0x0081	0x0086      	MOVWF      PORTB
;MyProject.c,15 :: 		while (1)
L_main3:
0x0082	0x1283      	BCF        STATUS, 5
0x0083	0x1303      	BCF        STATUS, 6
;MyProject.c,17 :: 		if (PORTD.F0 == 0xFF)
0x0084	0x1C08      	BTFSS      PORTD, 0
0x0085	0x28B4      	GOTO       L_main5
;MyProject.c,19 :: 		delay_ms(200);
0x0086	0x3003      	MOVLW      3
0x0087	0x00FB      	MOVWF      R11
0x0088	0x3008      	MOVLW      8
0x0089	0x00FC      	MOVWF      R12
0x008A	0x3077      	MOVLW      119
0x008B	0x00FD      	MOVWF      R13
L_main6:
0x008C	0x0BFD      	DECFSZ     R13, 1
0x008D	0x288C      	GOTO       L_main6
0x008E	0x0BFC      	DECFSZ     R12, 1
0x008F	0x288C      	GOTO       L_main6
0x0090	0x0BFB      	DECFSZ     R11, 1
0x0091	0x288C      	GOTO       L_main6
;MyProject.c,20 :: 		if (PORTD.F0 == 0xFF)
0x0092	0x1C08      	BTFSS      PORTD, 0
0x0093	0x28B4      	GOTO       L_main7
;MyProject.c,22 :: 		if (i < 9)
0x0094	0x3080      	MOVLW      128
0x0095	0x062D      	XORWF      main_i_L0+1, 0
0x0096	0x00F0      	MOVWF      R0
0x0097	0x3080      	MOVLW      128
0x0098	0x0270      	SUBWF      R0, 0
0x0099	0x1D03      	BTFSS      STATUS, 2
0x009A	0x289D      	GOTO       L__main19
0x009B	0x3009      	MOVLW      9
0x009C	0x022C      	SUBWF      main_i_L0, 0
L__main19:
0x009D	0x1803      	BTFSC      STATUS, 0
0x009E	0x28B4      	GOTO       L_main8
;MyProject.c,24 :: 		i++;
0x009F	0x0AAC      	INCF       main_i_L0, 1
0x00A0	0x1903      	BTFSC      STATUS, 2
0x00A1	0x0AAD      	INCF       main_i_L0+1, 1
;MyProject.c,25 :: 		PORTB = array[i];
0x00A2	0x082C      	MOVF       main_i_L0, 0
0x00A3	0x3E20      	ADDLW      _array
0x00A4	0x0084      	MOVWF      FSR
0x00A5	0x0800      	MOVF       INDF, 0
0x00A6	0x0086      	MOVWF      PORTB
;MyProject.c,26 :: 		EEPROM_Write(0x00, i); // Save new state to EEPROM
0x00A7	0x01AE      	CLRF       FARG_EEPROM_Write_Address
0x00A8	0x082C      	MOVF       main_i_L0, 0
0x00A9	0x00AF      	MOVWF      FARG_EEPROM_Write_data_
0x00AA	0x2016      	CALL       _EEPROM_Write
;MyProject.c,27 :: 		delay_ms(10);          // Give EEPROM time to write
0x00AB	0x301A      	MOVLW      26
0x00AC	0x00FC      	MOVWF      R12
0x00AD	0x30F8      	MOVLW      248
0x00AE	0x00FD      	MOVWF      R13
L_main9:
0x00AF	0x0BFD      	DECFSZ     R13, 1
0x00B0	0x28AF      	GOTO       L_main9
0x00B1	0x0BFC      	DECFSZ     R12, 1
0x00B2	0x28AF      	GOTO       L_main9
0x00B3	0x0000      	NOP
;MyProject.c,28 :: 		}
L_main8:
;MyProject.c,29 :: 		}
L_main7:
;MyProject.c,30 :: 		}
L_main5:
;MyProject.c,32 :: 		if (PORTD.F1 == 0xFF)
0x00B4	0x1283      	BCF        STATUS, 5
0x00B5	0x1303      	BCF        STATUS, 6
0x00B6	0x1C88      	BTFSS      PORTD, 1
0x00B7	0x28E7      	GOTO       L_main10
;MyProject.c,34 :: 		delay_ms(200);
0x00B8	0x3003      	MOVLW      3
0x00B9	0x00FB      	MOVWF      R11
0x00BA	0x3008      	MOVLW      8
0x00BB	0x00FC      	MOVWF      R12
0x00BC	0x3077      	MOVLW      119
0x00BD	0x00FD      	MOVWF      R13
L_main11:
0x00BE	0x0BFD      	DECFSZ     R13, 1
0x00BF	0x28BE      	GOTO       L_main11
0x00C0	0x0BFC      	DECFSZ     R12, 1
0x00C1	0x28BE      	GOTO       L_main11
0x00C2	0x0BFB      	DECFSZ     R11, 1
0x00C3	0x28BE      	GOTO       L_main11
;MyProject.c,35 :: 		if (PORTD.F1 == 0xFF)
0x00C4	0x1C88      	BTFSS      PORTD, 1
0x00C5	0x28E7      	GOTO       L_main12
;MyProject.c,37 :: 		if (i > 0)
0x00C6	0x3080      	MOVLW      128
0x00C7	0x00F0      	MOVWF      R0
0x00C8	0x3080      	MOVLW      128
0x00C9	0x062D      	XORWF      main_i_L0+1, 0
0x00CA	0x0270      	SUBWF      R0, 0
0x00CB	0x1D03      	BTFSS      STATUS, 2
0x00CC	0x28CF      	GOTO       L__main20
0x00CD	0x082C      	MOVF       main_i_L0, 0
0x00CE	0x3C00      	SUBLW      0
L__main20:
0x00CF	0x1803      	BTFSC      STATUS, 0
0x00D0	0x28E7      	GOTO       L_main13
;MyProject.c,39 :: 		i--;
0x00D1	0x3001      	MOVLW      1
0x00D2	0x02AC      	SUBWF      main_i_L0, 1
0x00D3	0x1C03      	BTFSS      STATUS, 0
0x00D4	0x03AD      	DECF       main_i_L0+1, 1
;MyProject.c,40 :: 		PORTB = array[i];
0x00D5	0x082C      	MOVF       main_i_L0, 0
0x00D6	0x3E20      	ADDLW      _array
0x00D7	0x0084      	MOVWF      FSR
0x00D8	0x0800      	MOVF       INDF, 0
0x00D9	0x0086      	MOVWF      PORTB
;MyProject.c,41 :: 		EEPROM_Write(0x00, i); // Save new state to EEPROM
0x00DA	0x01AE      	CLRF       FARG_EEPROM_Write_Address
0x00DB	0x082C      	MOVF       main_i_L0, 0
0x00DC	0x00AF      	MOVWF      FARG_EEPROM_Write_data_
0x00DD	0x2016      	CALL       _EEPROM_Write
;MyProject.c,42 :: 		delay_ms(10);
0x00DE	0x301A      	MOVLW      26
0x00DF	0x00FC      	MOVWF      R12
0x00E0	0x30F8      	MOVLW      248
0x00E1	0x00FD      	MOVWF      R13
L_main14:
0x00E2	0x0BFD      	DECFSZ     R13, 1
0x00E3	0x28E2      	GOTO       L_main14
0x00E4	0x0BFC      	DECFSZ     R12, 1
0x00E5	0x28E2      	GOTO       L_main14
0x00E6	0x0000      	NOP
;MyProject.c,43 :: 		}
L_main13:
;MyProject.c,44 :: 		}
L_main12:
;MyProject.c,45 :: 		}
L_main10:
;MyProject.c,46 :: 		}
0x00E7	0x2882      	GOTO       L_main3
;MyProject.c,47 :: 		}
L_end_main:
0x00E8	0x28E8      	GOTO       $+0
; end of _main
Symbol List:
//** Routines locations **
//ADDRESS    SIZE    PROCEDURE
//----------------------------------------------
0x0003       [7]    _____DoICP
0x000A      [12]    ___CC2DW
0x0016      [33]    _EEPROM_Write
0x0037      [12]    _EEPROM_Read
0x0043     [166]    _main
//** Variables locations ** 
//ADDRESS    SIZE    VARIABLE
//----------------------------------------------
0x0000       [1]    INDF
0x0002       [1]    PCL
0x0003       [1]    STATUS
0x0004       [1]    FSR
0x0006       [1]    PORTB
0x0008       [1]    PORTD
0x000A       [1]    PCLATH
0x000B       [1]    INTCON
0x0020      [10]    _array
0x002A       [2]    ___DoICPAddr
0x002C       [2]    main_i_L0
0x002E       [1]    FARG_EEPROM_Read_Address
0x002E       [1]    FARG_EEPROM_Write_Address
0x002F       [1]    FARG_EEPROM_Write_data_
0x0070       [1]    R0
0x0071       [1]    R1
0x0072       [1]    R2
0x0073       [1]    R3
0x0074       [1]    R4
0x0075       [1]    R5
0x0076       [1]    R6
0x0077       [1]    R7
0x0078       [1]    R8
0x0079       [1]    R9
0x007A       [1]    R10
0x007B       [1]    R11
0x007C       [1]    R12
0x007D       [1]    R13
0x007E       [1]    R14
0x007F       [1]    R15
0x0086       [1]    TRISB
0x0088       [1]    TRISD
0x010C       [1]    EEDATA
0x010D       [1]    EEADR
0x018C       [1]    EECON1
0x018D       [1]    EECON2
