;  LST file generated by mikroListExporter - v.2.0 
; Date/Time: 9/19/2025 10:42:01 AM
;----------------------------------------------

;Address Opcode 	ASM
0x0000	0x2D98      	GOTO       1432
_RES032:
;__Lib_MathDouble.c,123 :: 		
;__Lib_MathDouble.c,128 :: 		
0x0003	0x01F2      	CLRF       R2
;__Lib_MathDouble.c,129 :: 		
0x0004	0x01F1      	CLRF       R1
;__Lib_MathDouble.c,130 :: 		
0x0005	0x01F0      	CLRF       R0
;__Lib_MathDouble.c,131 :: 		
0x0006	0x01F8      	CLRF       R8
;__Lib_MathDouble.c,132 :: 		
0x0007	0x01F3      	CLRF       R3
;__Lib_MathDouble.c,133 :: 		
0x0008	0x3000      	MOVLW      0
;__Lib_MathDouble.c,135 :: 		
L_end_RES032:
0x0009	0x0008      	RETURN
; end of _RES032
_SETFOV32:
;__Lib_MathDouble.c,79 :: 		
;__Lib_MathDouble.c,86 :: 		
0x000A	0x14FB      	BSF        R11, 1
;__Lib_MathDouble.c,87 :: 		
0x000B	0x1FFB      	BTFSS      R11, 7
;__Lib_MathDouble.c,88 :: 		
0x000C	0x2814      	GOTO       SETFOV32EEE
;__Lib_MathDouble.c,89 :: 		
0x000D	0x30FF      	MOVLW      255
;__Lib_MathDouble.c,90 :: 		
0x000E	0x00F3      	MOVWF      R3
;__Lib_MathDouble.c,91 :: 		
0x000F	0x00F2      	MOVWF      R2
;__Lib_MathDouble.c,92 :: 		
0x0010	0x00F1      	MOVWF      R1
;__Lib_MathDouble.c,93 :: 		
0x0011	0x00F0      	MOVWF      R0
;__Lib_MathDouble.c,94 :: 		
0x0012	0x0DFA      	RLF        R10, 1
;__Lib_MathDouble.c,95 :: 		
0x0013	0x0CF2      	RRF        R2, 1
;__Lib_MathDouble.c,96 :: 		
SETFOV32EEE:
;__Lib_MathDouble.c,97 :: 		
0x0014	0x30FF      	MOVLW      255
;__Lib_MathDouble.c,99 :: 		
L_end_SETFOV32:
0x0015	0x0008      	RETURN
; end of _SETFOV32
_Div_16X16_U:
;__Lib_Math.c,215 :: 		
;__Lib_Math.c,222 :: 		
0x0016	0x1283      	BCF        STATUS, 5
;__Lib_Math.c,223 :: 		
0x0017	0x1303      	BCF        STATUS, 6
;__Lib_Math.c,224 :: 		
0x0018	0x01F8      	CLRF       R8
;__Lib_Math.c,225 :: 		
0x0019	0x01F9      	CLRF       R9
;__Lib_Math.c,226 :: 		
0x001A	0x3010      	MOVLW      16
;__Lib_Math.c,227 :: 		
0x001B	0x00FC      	MOVWF      R12
;__Lib_Math.c,228 :: 		
0x001C	0x0D71      	RLF        R1, 0
;__Lib_Math.c,229 :: 		
0x001D	0x0DF8      	RLF        R8, 1
;__Lib_Math.c,230 :: 		
0x001E	0x0DF9      	RLF        R9, 1
;__Lib_Math.c,231 :: 		
0x001F	0x0874      	MOVF       R4, 0
;__Lib_Math.c,232 :: 		
0x0020	0x02F8      	SUBWF      R8, 1
;__Lib_Math.c,233 :: 		
0x0021	0x0875      	MOVF       R5, 0
;__Lib_Math.c,234 :: 		
0x0022	0x1C03      	BTFSS      STATUS, 0
;__Lib_Math.c,235 :: 		
0x0023	0x0F75      	INCFSZ     R5, 0
;__Lib_Math.c,236 :: 		
0x0024	0x02F9      	SUBWF      R9, 1
;__Lib_Math.c,237 :: 		
0x0025	0x1803      	BTFSC      STATUS, 0
;__Lib_Math.c,238 :: 		
0x0026	0x282E      	GOTO       $+8
;__Lib_Math.c,239 :: 		
0x0027	0x0874      	MOVF       R4, 0
;__Lib_Math.c,240 :: 		
0x0028	0x07F8      	ADDWF      R8, 1
;__Lib_Math.c,241 :: 		
0x0029	0x0875      	MOVF       R5, 0
;__Lib_Math.c,242 :: 		
0x002A	0x1803      	BTFSC      STATUS, 0
;__Lib_Math.c,243 :: 		
0x002B	0x0F75      	INCFSZ     R5, 0
;__Lib_Math.c,244 :: 		
0x002C	0x07F9      	ADDWF      R9, 1
;__Lib_Math.c,245 :: 		
0x002D	0x1003      	BCF        STATUS, 0
;__Lib_Math.c,246 :: 		
0x002E	0x0DF0      	RLF        R0, 1
;__Lib_Math.c,247 :: 		
0x002F	0x0DF1      	RLF        R1, 1
;__Lib_Math.c,248 :: 		
0x0030	0x0BFC      	DECFSZ     R12, 1
;__Lib_Math.c,249 :: 		
0x0031	0x281C      	GOTO       $-21
;__Lib_Math.c,251 :: 		
L_end_Div_16X16_U:
0x0032	0x0008      	RETURN
; end of _Div_16X16_U
_SETFUN32:
;__Lib_MathDouble.c,138 :: 		
;__Lib_MathDouble.c,145 :: 		
0x0033	0x157B      	BSF        R11, 2
;__Lib_MathDouble.c,146 :: 		
0x0034	0x1FFB      	BTFSS      R11, 7
;__Lib_MathDouble.c,147 :: 		
0x0035	0x283D      	GOTO       SETFUN32EEE
;__Lib_MathDouble.c,148 :: 		
0x0036	0x3001      	MOVLW      1
;__Lib_MathDouble.c,149 :: 		
0x0037	0x00F3      	MOVWF      R3
;__Lib_MathDouble.c,150 :: 		
0x0038	0x01F2      	CLRF       R2
;__Lib_MathDouble.c,151 :: 		
0x0039	0x01F1      	CLRF       R1
;__Lib_MathDouble.c,152 :: 		
0x003A	0x01F0      	CLRF       R0
;__Lib_MathDouble.c,153 :: 		
0x003B	0x0DFA      	RLF        R10, 1
;__Lib_MathDouble.c,154 :: 		
0x003C	0x0CF2      	RRF        R2, 1
;__Lib_MathDouble.c,155 :: 		
SETFUN32EEE:
;__Lib_MathDouble.c,156 :: 		
0x003D	0x30FF      	MOVLW      255
;__Lib_MathDouble.c,158 :: 		
L_end_SETFUN32:
0x003E	0x0008      	RETURN
; end of _SETFUN32
_FIXSIGN32:
;__Lib_MathDouble.c,112 :: 		
;__Lib_MathDouble.c,116 :: 		
0x003F	0x1FFA      	BTFSS      R10, 7
;__Lib_MathDouble.c,117 :: 		
0x0040	0x13F2      	BCF        R2, 7
;__Lib_MathDouble.c,118 :: 		
0x0041	0x3000      	MOVLW      0
;__Lib_MathDouble.c,120 :: 		
L_end_FIXSIGN32:
0x0042	0x0008      	RETURN
; end of _FIXSIGN32
_Mul_32x32_FP:
;__Lib_MathDouble.c,610 :: 		
;__Lib_MathDouble.c,622 :: 		
;__Lib_MathDouble.c,624 :: 		
0x0043	0x1283      	BCF        STATUS, 5
;__Lib_MathDouble.c,625 :: 		
0x0044	0x1303      	BCF        STATUS, 6
;__Lib_MathDouble.c,627 :: 		
0x0045	0x01FB      	CLRF       R11
;__Lib_MathDouble.c,628 :: 		
0x0046	0x0873      	MOVF       R3, 0
;__Lib_MathDouble.c,629 :: 		
0x0047	0x1D03      	BTFSS      STATUS, 2
;__Lib_MathDouble.c,630 :: 		
0x0048	0x0877      	MOVF       R7, 0
;__Lib_MathDouble.c,631 :: 		
0x0049	0x1903      	BTFSC      STATUS, 2
;__Lib_MathDouble.c,632 :: 		
0x004A	0x289A      	GOTO       JPMRES032
;__Lib_MathDouble.c,634 :: 		
0x004B	0x0872      	MOVF       R2, 0
;__Lib_MathDouble.c,635 :: 		
0x004C	0x0676      	XORWF      R6, 0
;__Lib_MathDouble.c,636 :: 		
0x004D	0x00FA      	MOVWF      R10
;__Lib_MathDouble.c,637 :: 		
0x004E	0x0877      	MOVF       R7, 0
;__Lib_MathDouble.c,638 :: 		
0x004F	0x07F3      	ADDWF      R3, 1
;__Lib_MathDouble.c,639 :: 		
0x0050	0x307E      	MOVLW      126
;__Lib_MathDouble.c,640 :: 		
0x0051	0x1C03      	BTFSS      STATUS, 0
;__Lib_MathDouble.c,641 :: 		
0x0052	0x2857      	GOTO       MTUN32
;__Lib_MathDouble.c,642 :: 		
0x0053	0x02F3      	SUBWF      R3, 1
;__Lib_MathDouble.c,643 :: 		
0x0054	0x1803      	BTFSC      STATUS, 0
;__Lib_MathDouble.c,644 :: 		
0x0055	0x289D      	GOTO       JPMSETFOV32
;__Lib_MathDouble.c,645 :: 		
0x0056	0x285A      	GOTO       MOK32
;__Lib_MathDouble.c,646 :: 		
MTUN32:
;__Lib_MathDouble.c,647 :: 		
0x0057	0x02F3      	SUBWF      R3, 1
;__Lib_MathDouble.c,648 :: 		
0x0058	0x1C03      	BTFSS      STATUS, 0
;__Lib_MathDouble.c,649 :: 		
0x0059	0x28A0      	GOTO       JPMSETFUN32
;__Lib_MathDouble.c,650 :: 		
MOK32:
;__Lib_MathDouble.c,651 :: 		
0x005A	0x0872      	MOVF       R2, 0
;__Lib_MathDouble.c,652 :: 		
0x005B	0x00F8      	MOVWF      R8
;__Lib_MathDouble.c,653 :: 		
0x005C	0x0871      	MOVF       R1, 0
;__Lib_MathDouble.c,654 :: 		
0x005D	0x00FC      	MOVWF      R12
;__Lib_MathDouble.c,655 :: 		
0x005E	0x0870      	MOVF       R0, 0
;__Lib_MathDouble.c,656 :: 		
0x005F	0x00FD      	MOVWF      R13
;__Lib_MathDouble.c,657 :: 		
0x0060	0x17F8      	BSF        R8, 7
;__Lib_MathDouble.c,658 :: 		
0x0061	0x17F6      	BSF        R6, 7
;__Lib_MathDouble.c,659 :: 		
0x0062	0x1003      	BCF        STATUS, 0
;__Lib_MathDouble.c,660 :: 		
0x0063	0x01F2      	CLRF       R2
;__Lib_MathDouble.c,661 :: 		
0x0064	0x01F1      	CLRF       R1
;__Lib_MathDouble.c,662 :: 		
0x0065	0x01F0      	CLRF       R0
;__Lib_MathDouble.c,663 :: 		
0x0066	0x3018      	MOVLW      24
;__Lib_MathDouble.c,664 :: 		
0x0067	0x00A0      	MOVWF      __math_tempbD
;__Lib_MathDouble.c,665 :: 		
MLOOP32:
;__Lib_MathDouble.c,666 :: 		
0x0068	0x1C7D      	BTFSS      R13, 0
;__Lib_MathDouble.c,667 :: 		
0x0069	0x2874      	GOTO       MNOADD32
;__Lib_MathDouble.c,669 :: 		
0x006A	0x0874      	MOVF       R4, 0
;__Lib_MathDouble.c,670 :: 		
0x006B	0x07F0      	ADDWF      R0, 1
;__Lib_MathDouble.c,671 :: 		
0x006C	0x0875      	MOVF       R5, 0
;__Lib_MathDouble.c,672 :: 		
0x006D	0x1803      	BTFSC      STATUS, 0
;__Lib_MathDouble.c,673 :: 		
0x006E	0x0F75      	INCFSZ     R5, 0
;__Lib_MathDouble.c,674 :: 		
0x006F	0x07F1      	ADDWF      R1, 1
;__Lib_MathDouble.c,675 :: 		
0x0070	0x0876      	MOVF       R6, 0
;__Lib_MathDouble.c,676 :: 		
0x0071	0x1803      	BTFSC      STATUS, 0
;__Lib_MathDouble.c,677 :: 		
0x0072	0x0F76      	INCFSZ     R6, 0
;__Lib_MathDouble.c,678 :: 		
0x0073	0x07F2      	ADDWF      R2, 1
;__Lib_MathDouble.c,679 :: 		
MNOADD32:
;__Lib_MathDouble.c,680 :: 		
0x0074	0x0CF2      	RRF        R2, 1
;__Lib_MathDouble.c,681 :: 		
0x0075	0x0CF1      	RRF        R1, 1
;__Lib_MathDouble.c,682 :: 		
0x0076	0x0CF0      	RRF        R0, 1
;__Lib_MathDouble.c,683 :: 		
0x0077	0x0CF8      	RRF        R8, 1
;__Lib_MathDouble.c,684 :: 		
0x0078	0x0CFC      	RRF        R12, 1
;__Lib_MathDouble.c,685 :: 		
0x0079	0x0CFD      	RRF        R13, 1
;__Lib_MathDouble.c,686 :: 		
0x007A	0x1003      	BCF        STATUS, 0
;__Lib_MathDouble.c,687 :: 		
0x007B	0x0BA0      	DECFSZ     __math_tempbD, 1
;__Lib_MathDouble.c,688 :: 		
0x007C	0x2868      	GOTO       MLOOP32
;__Lib_MathDouble.c,689 :: 		
0x007D	0x1BF2      	BTFSC      R2, 7
;__Lib_MathDouble.c,690 :: 		
0x007E	0x2884      	GOTO       MROUND32
;__Lib_MathDouble.c,691 :: 		
0x007F	0x0DF8      	RLF        R8, 1
;__Lib_MathDouble.c,692 :: 		
0x0080	0x0DF0      	RLF        R0, 1
;__Lib_MathDouble.c,693 :: 		
0x0081	0x0DF1      	RLF        R1, 1
;__Lib_MathDouble.c,694 :: 		
0x0082	0x0DF2      	RLF        R2, 1
;__Lib_MathDouble.c,695 :: 		
0x0083	0x03F3      	DECF       R3, 1
;__Lib_MathDouble.c,696 :: 		
MROUND32:
;__Lib_MathDouble.c,697 :: 		
0x0084	0x1B7B      	BTFSC      R11, 6
;__Lib_MathDouble.c,698 :: 		
0x0085	0x1C70      	BTFSS      R0, 0
;__Lib_MathDouble.c,699 :: 		
0x0086	0x2896      	GOTO       MUL32OK
;__Lib_MathDouble.c,700 :: 		
0x0087	0x1FF8      	BTFSS      R8, 7
;__Lib_MathDouble.c,701 :: 		
0x0088	0x2896      	GOTO       MUL32OK
;__Lib_MathDouble.c,702 :: 		
0x0089	0x0AF0      	INCF       R0, 1
;__Lib_MathDouble.c,703 :: 		
0x008A	0x1903      	BTFSC      STATUS, 2
;__Lib_MathDouble.c,704 :: 		
0x008B	0x0AF1      	INCF       R1, 1
;__Lib_MathDouble.c,705 :: 		
0x008C	0x1903      	BTFSC      STATUS, 2
;__Lib_MathDouble.c,706 :: 		
0x008D	0x0AF2      	INCF       R2, 1
;__Lib_MathDouble.c,707 :: 		
0x008E	0x1D03      	BTFSS      STATUS, 2
;__Lib_MathDouble.c,708 :: 		
0x008F	0x2896      	GOTO       MUL32OK
;__Lib_MathDouble.c,709 :: 		
0x0090	0x0CF2      	RRF        R2, 1
;__Lib_MathDouble.c,710 :: 		
0x0091	0x0CF1      	RRF        R1, 1
;__Lib_MathDouble.c,711 :: 		
0x0092	0x0CF0      	RRF        R0, 1
;__Lib_MathDouble.c,712 :: 		
0x0093	0x0AF3      	INCF       R3, 1
;__Lib_MathDouble.c,713 :: 		
0x0094	0x1903      	BTFSC      STATUS, 2
;__Lib_MathDouble.c,714 :: 		
0x0095	0x289D      	GOTO       JPMSETFOV32
;__Lib_MathDouble.c,715 :: 		
MUL32OK:
;__Lib_MathDouble.c,716 :: 		
0x0096	0x1FFA      	BTFSS      R10, 7
;__Lib_MathDouble.c,717 :: 		
0x0097	0x13F2      	BCF        R2, 7
;__Lib_MathDouble.c,718 :: 		
0x0098	0x3000      	MOVLW      0
;__Lib_MathDouble.c,720 :: 		
0x0099	0x28A2      	GOTO       MUL32EEE
;__Lib_MathDouble.c,721 :: 		
JPMRES032:
;__Lib_MathDouble.c,722 :: 		
0x009A	0x3001      	MOVLW      1
;__Lib_MathDouble.c,725 :: 		
0x009B	0x2003      	CALL       _RES032
;__Lib_MathDouble.c,727 :: 		
0x009C	0x28A2      	GOTO       MUL32EEE
;__Lib_MathDouble.c,728 :: 		
JPMSETFOV32:
;__Lib_MathDouble.c,729 :: 		
0x009D	0x3002      	MOVLW      2
;__Lib_MathDouble.c,732 :: 		
0x009E	0x200A      	CALL       _SETFOV32
;__Lib_MathDouble.c,734 :: 		
0x009F	0x28A2      	GOTO       MUL32EEE
;__Lib_MathDouble.c,735 :: 		
JPMSETFUN32:
;__Lib_MathDouble.c,736 :: 		
0x00A0	0x3004      	MOVLW      4
;__Lib_MathDouble.c,739 :: 		
0x00A1	0x2033      	CALL       _SETFUN32
;__Lib_MathDouble.c,741 :: 		
MUL32EEE:
;__Lib_MathDouble.c,742 :: 		
0x00A2	0x0000      	NOP
;__Lib_MathDouble.c,749 :: 		
L_end_Mul_32x32_FP:
0x00A3	0x0008      	RETURN
; end of _Mul_32x32_FP
_strcpy:
;__Lib_CString.c,126 :: 		
;__Lib_CString.c,129 :: 		
0x00A4	0x1283      	BCF        STATUS, 5
0x00A5	0x1303      	BCF        STATUS, 6
0x00A6	0x0866      	MOVF       FARG_strcpy_to, 0
0x00A7	0x00F2      	MOVWF      R2
;__Lib_CString.c,130 :: 		
L_strcpy34:
0x00A8	0x0872      	MOVF       R2, 0
0x00A9	0x00F1      	MOVWF      R1
0x00AA	0x0AF2      	INCF       R2, 1
0x00AB	0x0867      	MOVF       FARG_strcpy_from, 0
0x00AC	0x00F0      	MOVWF      R0
0x00AD	0x0AE7      	INCF       FARG_strcpy_from, 1
0x00AE	0x0870      	MOVF       R0, 0
0x00AF	0x0084      	MOVWF      FSR
0x00B0	0x0800      	MOVF       INDF, 0
0x00B1	0x00F0      	MOVWF      R0
0x00B2	0x0871      	MOVF       R1, 0
0x00B3	0x0084      	MOVWF      FSR
0x00B4	0x0870      	MOVF       R0, 0
0x00B5	0x0080      	MOVWF      INDF
0x00B6	0x0871      	MOVF       R1, 0
0x00B7	0x0084      	MOVWF      FSR
0x00B8	0x0800      	MOVF       INDF, 0
0x00B9	0x1903      	BTFSC      STATUS, 2
0x00BA	0x28BC      	GOTO       L_strcpy35
;__Lib_CString.c,131 :: 		
0x00BB	0x28A8      	GOTO       L_strcpy34
L_strcpy35:
;__Lib_CString.c,132 :: 		
0x00BC	0x0866      	MOVF       FARG_strcpy_to, 0
0x00BD	0x00F0      	MOVWF      R0
;__Lib_CString.c,133 :: 		
L_end_strcpy:
0x00BE	0x0008      	RETURN
; end of _strcpy
_NRM3232:
;__Lib_MathDouble.c,167 :: 		
;__Lib_MathDouble.c,173 :: 		
;__Lib_MathDouble.c,175 :: 		
0x00BF	0x01A0      	CLRF       __math_tempbD
;__Lib_MathDouble.c,176 :: 		
0x00C0	0x0872      	MOVF       R2, 0
;__Lib_MathDouble.c,177 :: 		
0x00C1	0x1D03      	BTFSS      STATUS, 2
;__Lib_MathDouble.c,178 :: 		
0x00C2	0x28D4      	GOTO       NORM3232
;__Lib_MathDouble.c,179 :: 		
0x00C3	0x0871      	MOVF       R1, 0
;__Lib_MathDouble.c,180 :: 		
0x00C4	0x00F2      	MOVWF      R2
;__Lib_MathDouble.c,181 :: 		
0x00C5	0x0870      	MOVF       R0, 0
;__Lib_MathDouble.c,182 :: 		
0x00C6	0x00F1      	MOVWF      R1
;__Lib_MathDouble.c,183 :: 		
0x00C7	0x01F0      	CLRF       R0
;__Lib_MathDouble.c,184 :: 		
0x00C8	0x15A0      	BSF        __math_tempbD, 3
;__Lib_MathDouble.c,186 :: 		
0x00C9	0x0872      	MOVF       R2, 0
;__Lib_MathDouble.c,187 :: 		
0x00CA	0x1D03      	BTFSS      STATUS, 2
;__Lib_MathDouble.c,188 :: 		
0x00CB	0x28D4      	GOTO       NORM3232
;__Lib_MathDouble.c,189 :: 		
0x00CC	0x0871      	MOVF       R1, 0
;__Lib_MathDouble.c,190 :: 		
0x00CD	0x00F2      	MOVWF      R2
;__Lib_MathDouble.c,191 :: 		
0x00CE	0x01F1      	CLRF       R1
;__Lib_MathDouble.c,192 :: 		
0x00CF	0x11A0      	BCF        __math_tempbD, 3
;__Lib_MathDouble.c,193 :: 		
0x00D0	0x1620      	BSF        __math_tempbD, 4
;__Lib_MathDouble.c,195 :: 		
0x00D1	0x0872      	MOVF       R2, 0
;__Lib_MathDouble.c,196 :: 		
0x00D2	0x1903      	BTFSC      STATUS, 2
;__Lib_MathDouble.c,197 :: 		
0x00D3	0x28E2      	GOTO       JPNRES032
;__Lib_MathDouble.c,198 :: 		
NORM3232:
;__Lib_MathDouble.c,199 :: 		
0x00D4	0x0820      	MOVF       __math_tempbD, 0
;__Lib_MathDouble.c,200 :: 		
0x00D5	0x02F3      	SUBWF      R3, 1
;__Lib_MathDouble.c,201 :: 		
0x00D6	0x1D03      	BTFSS      STATUS, 2
;__Lib_MathDouble.c,202 :: 		
0x00D7	0x1C03      	BTFSS      STATUS, 0
;__Lib_MathDouble.c,203 :: 		
0x00D8	0x28E6      	GOTO       JPNSETFUN32
;__Lib_MathDouble.c,204 :: 		
0x00D9	0x1003      	BCF        STATUS, 0
;__Lib_MathDouble.c,205 :: 		
NORM3232A:
;__Lib_MathDouble.c,206 :: 		
0x00DA	0x1BF2      	BTFSC      R2, 7
;__Lib_MathDouble.c,207 :: 		
0x00DB	0x28EA      	GOTO       JMPNFIXSIGN32
;__Lib_MathDouble.c,208 :: 		
0x00DC	0x0DF0      	RLF        R0, 1
;__Lib_MathDouble.c,209 :: 		
0x00DD	0x0DF1      	RLF        R1, 1
;__Lib_MathDouble.c,210 :: 		
0x00DE	0x0DF2      	RLF        R2, 1
;__Lib_MathDouble.c,211 :: 		
0x00DF	0x0BF3      	DECFSZ     R3, 1
;__Lib_MathDouble.c,212 :: 		
0x00E0	0x28DA      	GOTO       NORM3232A
;__Lib_MathDouble.c,213 :: 		
0x00E1	0x28E6      	GOTO       JPNSETFUN32
;__Lib_MathDouble.c,214 :: 		
JPNRES032:
;__Lib_MathDouble.c,215 :: 		
0x00E2	0x3001      	MOVLW      1
;__Lib_MathDouble.c,216 :: 		
0x00E3	0x00FC      	MOVWF      R12
;__Lib_MathDouble.c,218 :: 		
0x00E4	0x2003      	CALL       _RES032
;__Lib_MathDouble.c,220 :: 		
0x00E5	0x28ED      	GOTO       NORM32EEE
;__Lib_MathDouble.c,221 :: 		
JPNSETFUN32:
;__Lib_MathDouble.c,222 :: 		
0x00E6	0x3002      	MOVLW      2
;__Lib_MathDouble.c,223 :: 		
0x00E7	0x00FC      	MOVWF      R12
;__Lib_MathDouble.c,225 :: 		
0x00E8	0x2033      	CALL       _SETFUN32
;__Lib_MathDouble.c,227 :: 		
0x00E9	0x28ED      	GOTO       NORM32EEE
;__Lib_MathDouble.c,228 :: 		
JMPNFIXSIGN32:
;__Lib_MathDouble.c,229 :: 		
0x00EA	0x3004      	MOVLW      4
;__Lib_MathDouble.c,230 :: 		
0x00EB	0x00FC      	MOVWF      R12
;__Lib_MathDouble.c,232 :: 		
0x00EC	0x203F      	CALL       _FIXSIGN32
;__Lib_MathDouble.c,234 :: 		
NORM32EEE:
;__Lib_MathDouble.c,236 :: 		
L_end_NRM3232:
0x00ED	0x0008      	RETURN
; end of _NRM3232
_Compare_Double:
;__Lib_MathDouble.c,2053 :: 		
;__Lib_MathDouble.c,2062 :: 		
;__Lib_MathDouble.c,2064 :: 		
0x00EE	0x1283      	BCF        STATUS, 5
;__Lib_MathDouble.c,2065 :: 		
0x00EF	0x1303      	BCF        STATUS, 6
;__Lib_MathDouble.c,2067 :: 		
0x00F0	0x01FA      	CLRF       R10
;__Lib_MathDouble.c,2068 :: 		
0x00F1	0x0873      	MOVF       R3, 0
;__Lib_MathDouble.c,2069 :: 		
0x00F2	0x1D03      	BTFSS      STATUS, 2
;__Lib_MathDouble.c,2070 :: 		
0x00F3	0x147A      	BSF        R10, 0
;__Lib_MathDouble.c,2071 :: 		
0x00F4	0x0877      	MOVF       R7, 0
;__Lib_MathDouble.c,2072 :: 		
0x00F5	0x1D03      	BTFSS      STATUS, 2
;__Lib_MathDouble.c,2073 :: 		
0x00F6	0x14FA      	BSF        R10, 1
;__Lib_MathDouble.c,2075 :: 		
0x00F7	0x087A      	MOVF       R10, 0
;__Lib_MathDouble.c,2076 :: 		
0x00F8	0x1903      	BTFSC      STATUS, 2
;__Lib_MathDouble.c,2077 :: 		
0x00F9	0x293A      	GOTO       COMPARE_EQU
;__Lib_MathDouble.c,2078 :: 		
0x00FA	0x3A03      	XORLW      3
;__Lib_MathDouble.c,2079 :: 		
0x00FB	0x1903      	BTFSC      STATUS, 2
;__Lib_MathDouble.c,2080 :: 		
0x00FC	0x2905      	GOTO       COMPARE_NOTZERO
;__Lib_MathDouble.c,2082 :: 		
0x00FD	0x187A      	BTFSC      R10, 0
;__Lib_MathDouble.c,2083 :: 		
0x00FE	0x2902      	GOTO       COMPARE_XNOTZERO
;__Lib_MathDouble.c,2085 :: 		
0x00FF	0x1FF6      	BTFSS      R6, 7
;__Lib_MathDouble.c,2086 :: 		
0x0100	0x2938      	GOTO       COMPARE_LT
;__Lib_MathDouble.c,2087 :: 		
0x0101	0x2936      	GOTO       COMPARE_GT
;__Lib_MathDouble.c,2088 :: 		
COMPARE_XNOTZERO:
;__Lib_MathDouble.c,2089 :: 		
0x0102	0x1FF2      	BTFSS      R2, 7
;__Lib_MathDouble.c,2090 :: 		
0x0103	0x2936      	GOTO       COMPARE_GT
;__Lib_MathDouble.c,2091 :: 		
0x0104	0x2938      	GOTO       COMPARE_LT
;__Lib_MathDouble.c,2093 :: 		
COMPARE_NOTZERO:
;__Lib_MathDouble.c,2094 :: 		
0x0105	0x0872      	MOVF       R2, 0
;__Lib_MathDouble.c,2095 :: 		
0x0106	0x3980      	ANDLW      128
;__Lib_MathDouble.c,2096 :: 		
0x0107	0x00FA      	MOVWF      R10
;__Lib_MathDouble.c,2097 :: 		
0x0108	0x13F2      	BCF        R2, 7
;__Lib_MathDouble.c,2099 :: 		
0x0109	0x0876      	MOVF       R6, 0
;__Lib_MathDouble.c,2100 :: 		
0x010A	0x3980      	ANDLW      128
;__Lib_MathDouble.c,2101 :: 		
0x010B	0x13F6      	BCF        R6, 7
;__Lib_MathDouble.c,2103 :: 		
0x010C	0x067A      	XORWF      R10, 0
;__Lib_MathDouble.c,2104 :: 		
0x010D	0x1903      	BTFSC      STATUS, 2
;__Lib_MathDouble.c,2105 :: 		
0x010E	0x2913      	GOTO       COMPARE_TESTALL
;__Lib_MathDouble.c,2107 :: 		
0x010F	0x087A      	MOVF       R10, 0
;__Lib_MathDouble.c,2108 :: 		
0x0110	0x1903      	BTFSC      STATUS, 2
;__Lib_MathDouble.c,2109 :: 		
0x0111	0x2936      	GOTO       COMPARE_GT
;__Lib_MathDouble.c,2110 :: 		
0x0112	0x2938      	GOTO       COMPARE_LT
;__Lib_MathDouble.c,2112 :: 		
COMPARE_TESTALL:
;__Lib_MathDouble.c,2113 :: 		
0x0113	0x0877      	MOVF       R7, 0
;__Lib_MathDouble.c,2114 :: 		
0x0114	0x0273      	SUBWF      R3, 0
;__Lib_MathDouble.c,2115 :: 		
0x0115	0x1903      	BTFSC      STATUS, 2
;__Lib_MathDouble.c,2116 :: 		
0x0116	0x291A      	GOTO       COMPARE_C1
;__Lib_MathDouble.c,2117 :: 		
0x0117	0x1C03      	BTFSS      STATUS, 0
;__Lib_MathDouble.c,2118 :: 		
0x0118	0x292E      	GOTO       GT_FALSE
;__Lib_MathDouble.c,2119 :: 		
0x0119	0x2932      	GOTO       GT_TRUE
;__Lib_MathDouble.c,2120 :: 		
COMPARE_C1:
;__Lib_MathDouble.c,2121 :: 		
0x011A	0x0876      	MOVF       R6, 0
;__Lib_MathDouble.c,2122 :: 		
0x011B	0x0272      	SUBWF      R2, 0
;__Lib_MathDouble.c,2123 :: 		
0x011C	0x1903      	BTFSC      STATUS, 2
;__Lib_MathDouble.c,2124 :: 		
0x011D	0x2921      	GOTO       COMPARE_C2
;__Lib_MathDouble.c,2125 :: 		
0x011E	0x1C03      	BTFSS      STATUS, 0
;__Lib_MathDouble.c,2126 :: 		
0x011F	0x292E      	GOTO       GT_FALSE
;__Lib_MathDouble.c,2127 :: 		
0x0120	0x2932      	GOTO       GT_TRUE
;__Lib_MathDouble.c,2128 :: 		
COMPARE_C2:
;__Lib_MathDouble.c,2129 :: 		
0x0121	0x0875      	MOVF       R5, 0
;__Lib_MathDouble.c,2130 :: 		
0x0122	0x0271      	SUBWF      R1, 0
;__Lib_MathDouble.c,2131 :: 		
0x0123	0x1903      	BTFSC      STATUS, 2
;__Lib_MathDouble.c,2132 :: 		
0x0124	0x2928      	GOTO       COMPARE_C3
;__Lib_MathDouble.c,2133 :: 		
0x0125	0x1C03      	BTFSS      STATUS, 0
;__Lib_MathDouble.c,2134 :: 		
0x0126	0x292E      	GOTO       GT_FALSE
;__Lib_MathDouble.c,2135 :: 		
0x0127	0x2932      	GOTO       GT_TRUE
;__Lib_MathDouble.c,2136 :: 		
COMPARE_C3:
;__Lib_MathDouble.c,2137 :: 		
0x0128	0x0874      	MOVF       R4, 0
;__Lib_MathDouble.c,2138 :: 		
0x0129	0x0270      	SUBWF      R0, 0
;__Lib_MathDouble.c,2139 :: 		
0x012A	0x1903      	BTFSC      STATUS, 2
;__Lib_MathDouble.c,2140 :: 		
0x012B	0x293A      	GOTO       COMPARE_EQU
;__Lib_MathDouble.c,2141 :: 		
0x012C	0x1803      	BTFSC      STATUS, 0
;__Lib_MathDouble.c,2142 :: 		
0x012D	0x2932      	GOTO       GT_TRUE
;__Lib_MathDouble.c,2144 :: 		
GT_FALSE:
;__Lib_MathDouble.c,2145 :: 		
0x012E	0x08FA      	MOVF       R10, 1
;__Lib_MathDouble.c,2146 :: 		
0x012F	0x1903      	BTFSC      STATUS, 2
;__Lib_MathDouble.c,2147 :: 		
0x0130	0x2938      	GOTO       COMPARE_LT
;__Lib_MathDouble.c,2148 :: 		
0x0131	0x2936      	GOTO       COMPARE_GT
;__Lib_MathDouble.c,2149 :: 		
GT_TRUE:
;__Lib_MathDouble.c,2150 :: 		
0x0132	0x08FA      	MOVF       R10, 1
;__Lib_MathDouble.c,2151 :: 		
0x0133	0x1903      	BTFSC      STATUS, 2
;__Lib_MathDouble.c,2152 :: 		
0x0134	0x2936      	GOTO       COMPARE_GT
;__Lib_MathDouble.c,2153 :: 		
0x0135	0x2938      	GOTO       COMPARE_LT
;__Lib_MathDouble.c,2155 :: 		
COMPARE_GT:
;__Lib_MathDouble.c,2158 :: 		
0x0136	0x1403      	BSF        STATUS, 0
;__Lib_MathDouble.c,2159 :: 		
0x0137	0x0008      	RETURN
;__Lib_MathDouble.c,2160 :: 		
COMPARE_LT:
;__Lib_MathDouble.c,2163 :: 		
0x0138	0x1003      	BCF        STATUS, 0
;__Lib_MathDouble.c,2164 :: 		
0x0139	0x0008      	RETURN
;__Lib_MathDouble.c,2165 :: 		
COMPARE_EQU:
;__Lib_MathDouble.c,2168 :: 		
0x013A	0x1403      	BSF        STATUS, 0
;__Lib_MathDouble.c,2169 :: 		
0x013B	0x1503      	BSF        STATUS, 2
;__Lib_MathDouble.c,2170 :: 		
0x013C	0x0008      	RETURN
;__Lib_MathDouble.c,2172 :: 		
L_end_Compare_Double:
0x013D	0x0008      	RETURN
; end of _Compare_Double
_SETFDZ32:
;__Lib_MathDouble.c,102 :: 		
;__Lib_MathDouble.c,105 :: 		
0x013E	0x15FB      	BSF        R11, 3
;__Lib_MathDouble.c,106 :: 		
0x013F	0x30FF      	MOVLW      255
;__Lib_MathDouble.c,108 :: 		
L_end_SETFDZ32:
0x0140	0x0008      	RETURN
; end of _SETFDZ32
_Delay_22us:
;__Lib_Delays.c,15 :: 		void Delay_22us() {
;__Lib_Delays.c,16 :: 		Delay_us(22);
0x0141	0x300E      	MOVLW      14
0x0142	0x1283      	BCF        STATUS, 5
0x0143	0x1303      	BCF        STATUS, 6
0x0144	0x00FD      	MOVWF      R13
L_Delay_22us1:
0x0145	0x0BFD      	DECFSZ     R13, 1
0x0146	0x2945      	GOTO       L_Delay_22us1
0x0147	0x0000      	NOP
;__Lib_Delays.c,17 :: 		}
L_end_Delay_22us:
0x0148	0x0008      	RETURN
; end of _Delay_22us
_UART1_Write:
;__Lib_UART_c67.c,39 :: 		
;__Lib_UART_c67.c,40 :: 		
L_UART1_Write3:
0x0149	0x1683      	BSF        STATUS, 5
0x014A	0x1303      	BCF        STATUS, 6
0x014B	0x1898      	BTFSC      TXSTA, 1
0x014C	0x294F      	GOTO       L_UART1_Write4
;__Lib_UART_c67.c,41 :: 		
0x014D	0x0000      	NOP
0x014E	0x2949      	GOTO       L_UART1_Write3
L_UART1_Write4:
;__Lib_UART_c67.c,42 :: 		
0x014F	0x1283      	BCF        STATUS, 5
0x0150	0x0866      	MOVF       FARG_UART1_Write_data_, 0
0x0151	0x0099      	MOVWF      TXREG
;__Lib_UART_c67.c,43 :: 		
L_end_UART1_Write:
0x0152	0x0008      	RETURN
; end of _UART1_Write
_WordToStr:
;__Lib_Conversions.c,98 :: 		
;__Lib_Conversions.c,103 :: 		
0x0153	0x1283      	BCF        STATUS, 5
0x0154	0x1303      	BCF        STATUS, 6
0x0155	0x01E9      	CLRF       WordToStr_len_L0
L_WordToStr11:
0x0156	0x3005      	MOVLW      5
0x0157	0x0269      	SUBWF      WordToStr_len_L0, 0
0x0158	0x1803      	BTFSC      STATUS, 0
0x0159	0x2961      	GOTO       L_WordToStr12
;__Lib_Conversions.c,104 :: 		
0x015A	0x0869      	MOVF       WordToStr_len_L0, 0
0x015B	0x0768      	ADDWF      FARG_WordToStr_output, 0
0x015C	0x0084      	MOVWF      FSR
0x015D	0x3020      	MOVLW      32
0x015E	0x0080      	MOVWF      INDF
;__Lib_Conversions.c,103 :: 		
0x015F	0x0AE9      	INCF       WordToStr_len_L0, 1
;__Lib_Conversions.c,104 :: 		
0x0160	0x2956      	GOTO       L_WordToStr11
L_WordToStr12:
;__Lib_Conversions.c,105 :: 		
0x0161	0x0869      	MOVF       WordToStr_len_L0, 0
0x0162	0x0768      	ADDWF      FARG_WordToStr_output, 0
0x0163	0x0084      	MOVWF      FSR
0x0164	0x0180      	CLRF       INDF
0x0165	0x03E9      	DECF       WordToStr_len_L0, 1
;__Lib_Conversions.c,107 :: 		
L_WordToStr14:
;__Lib_Conversions.c,108 :: 		
0x0166	0x0869      	MOVF       WordToStr_len_L0, 0
0x0167	0x0768      	ADDWF      FARG_WordToStr_output, 0
0x0168	0x00EA      	MOVWF      FLOC__WordToStr
0x0169	0x300A      	MOVLW      10
0x016A	0x00F4      	MOVWF      R4
0x016B	0x01F5      	CLRF       R4+1
0x016C	0x0866      	MOVF       FARG_WordToStr_input, 0
0x016D	0x00F0      	MOVWF      R0
0x016E	0x0867      	MOVF       FARG_WordToStr_input+1, 0
0x016F	0x00F1      	MOVWF      R0+1
0x0170	0x2016      	CALL       _Div_16X16_U
0x0171	0x0878      	MOVF       R8, 0
0x0172	0x00F0      	MOVWF      R0
0x0173	0x0879      	MOVF       R8+1, 0
0x0174	0x00F1      	MOVWF      R0+1
0x0175	0x3030      	MOVLW      48
0x0176	0x07F0      	ADDWF      R0, 1
0x0177	0x086A      	MOVF       FLOC__WordToStr, 0
0x0178	0x0084      	MOVWF      FSR
0x0179	0x0870      	MOVF       R0, 0
0x017A	0x0080      	MOVWF      INDF
;__Lib_Conversions.c,109 :: 		
0x017B	0x300A      	MOVLW      10
0x017C	0x00F4      	MOVWF      R4
0x017D	0x01F5      	CLRF       R4+1
0x017E	0x0866      	MOVF       FARG_WordToStr_input, 0
0x017F	0x00F0      	MOVWF      R0
0x0180	0x0867      	MOVF       FARG_WordToStr_input+1, 0
0x0181	0x00F1      	MOVWF      R0+1
0x0182	0x2016      	CALL       _Div_16X16_U
0x0183	0x0870      	MOVF       R0, 0
0x0184	0x00E6      	MOVWF      FARG_WordToStr_input
0x0185	0x0871      	MOVF       R0+1, 0
0x0186	0x00E7      	MOVWF      FARG_WordToStr_input+1
;__Lib_Conversions.c,110 :: 		
0x0187	0x3000      	MOVLW      0
0x0188	0x0671      	XORWF      R0+1, 0
0x0189	0x1D03      	BTFSS      STATUS, 2
0x018A	0x298D      	GOTO       L__WordToStr379
0x018B	0x3000      	MOVLW      0
0x018C	0x0670      	XORWF      R0, 0
L__WordToStr379:
0x018D	0x1D03      	BTFSS      STATUS, 2
0x018E	0x2990      	GOTO       L_WordToStr16
;__Lib_Conversions.c,111 :: 		
0x018F	0x2992      	GOTO       L_WordToStr15
L_WordToStr16:
;__Lib_Conversions.c,112 :: 		
0x0190	0x03E9      	DECF       WordToStr_len_L0, 1
;__Lib_Conversions.c,113 :: 		
0x0191	0x2966      	GOTO       L_WordToStr14
L_WordToStr15:
;__Lib_Conversions.c,114 :: 		
L_end_WordToStr:
0x0192	0x0008      	RETURN
; end of _WordToStr
_Div_8X8_S:
;__Lib_Math.c,607 :: 		
;__Lib_Math.c,615 :: 		
0x0193	0x1283      	BCF        STATUS, 5
;__Lib_Math.c,616 :: 		
0x0194	0x1303      	BCF        STATUS, 6
;__Lib_Math.c,617 :: 		
0x0195	0x01FD      	CLRF       R13
;__Lib_Math.c,618 :: 		
0x0196	0x01F8      	CLRF       R8
;__Lib_Math.c,619 :: 		
0x0197	0x0870      	MOVF       R0, 0
;__Lib_Math.c,620 :: 		
0x0198	0x1903      	BTFSC      STATUS, 2
;__Lib_Math.c,621 :: 		
0x0199	0x3400      	RETLW      0
;__Lib_Math.c,622 :: 		
0x019A	0x0674      	XORWF      R4, 0
;__Lib_Math.c,623 :: 		
0x019B	0x00FA      	MOVWF      R10
;__Lib_Math.c,624 :: 		
0x019C	0x1BFA      	BTFSC      R10, 7
;__Lib_Math.c,625 :: 		
0x019D	0x09FD      	COMF       R13, 1
;__Lib_Math.c,626 :: 		
0x019E	0x01FB      	CLRF       R11
;__Lib_Math.c,627 :: 		
0x019F	0x1FF4      	BTFSS      R4, 7
;__Lib_Math.c,628 :: 		
0x01A0	0x29A3      	GOTO       $+3
;__Lib_Math.c,629 :: 		
0x01A1	0x09F4      	COMF       R4, 1
;__Lib_Math.c,630 :: 		
0x01A2	0x0AF4      	INCF       R4, 1
;__Lib_Math.c,631 :: 		
0x01A3	0x1FF0      	BTFSS      R0, 7
;__Lib_Math.c,632 :: 		
0x01A4	0x29A7      	GOTO       $+3
;__Lib_Math.c,633 :: 		
0x01A5	0x09F0      	COMF       R0, 1
;__Lib_Math.c,634 :: 		
0x01A6	0x0AF0      	INCF       R0, 1
;__Lib_Math.c,635 :: 		
0x01A7	0x0870      	MOVF       R0, 0
;__Lib_Math.c,636 :: 		
0x01A8	0x0474      	IORWF      R4, 0
;__Lib_Math.c,637 :: 		
0x01A9	0x00FA      	MOVWF      R10
;__Lib_Math.c,638 :: 		
0x01AA	0x1BFA      	BTFSC      R10, 7
;__Lib_Math.c,639 :: 		
0x01AB	0x29CB      	GOTO       $+32
;__Lib_Math.c,640 :: 		
0x01AC	0x0874      	MOVF       R4, 0
;__Lib_Math.c,641 :: 		
0x01AD	0x02F8      	SUBWF      R8, 1
;__Lib_Math.c,642 :: 		
0x01AE	0x0DF0      	RLF        R0, 1
;__Lib_Math.c,643 :: 		
0x01AF	0x0D70      	RLF        R0, 0
;__Lib_Math.c,644 :: 		
0x01B0	0x0DF8      	RLF        R8, 1
;__Lib_Math.c,645 :: 		
0x01B1	0x0874      	MOVF       R4, 0
;__Lib_Math.c,646 :: 		
0x01B2	0x07F8      	ADDWF      R8, 1
;__Lib_Math.c,647 :: 		
0x01B3	0x0DF0      	RLF        R0, 1
;__Lib_Math.c,648 :: 		
0x01B4	0x3006      	MOVLW      6
;__Lib_Math.c,649 :: 		
0x01B5	0x00FC      	MOVWF      R12
;__Lib_Math.c,650 :: 		
0x01B6	0x0D70      	RLF        R0, 0
;__Lib_Math.c,651 :: 		
0x01B7	0x0DF8      	RLF        R8, 1
;__Lib_Math.c,652 :: 		
0x01B8	0x0874      	MOVF       R4, 0
;__Lib_Math.c,653 :: 		
0x01B9	0x1870      	BTFSC      R0, 0
;__Lib_Math.c,654 :: 		
0x01BA	0x02F8      	SUBWF      R8, 1
;__Lib_Math.c,655 :: 		
0x01BB	0x1C70      	BTFSS      R0, 0
;__Lib_Math.c,656 :: 		
0x01BC	0x07F8      	ADDWF      R8, 1
;__Lib_Math.c,657 :: 		
0x01BD	0x0DF0      	RLF        R0, 1
;__Lib_Math.c,658 :: 		
0x01BE	0x0BFC      	DECFSZ     R12, 1
;__Lib_Math.c,659 :: 		
0x01BF	0x29B6      	GOTO       $-9
;__Lib_Math.c,660 :: 		
0x01C0	0x1C70      	BTFSS      R0, 0
;__Lib_Math.c,661 :: 		
0x01C1	0x07F8      	ADDWF      R8, 1
;__Lib_Math.c,662 :: 		
0x01C2	0x187B      	BTFSC      R11, 0
;__Lib_Math.c,663 :: 		
0x01C3	0x29D9      	GOTO       $+22
;__Lib_Math.c,664 :: 		
0x01C4	0x1FFD      	BTFSS      R13, 7
;__Lib_Math.c,665 :: 		
0x01C5	0x3400      	RETLW      0
;__Lib_Math.c,666 :: 		
0x01C6	0x09F0      	COMF       R0, 1
;__Lib_Math.c,667 :: 		
0x01C7	0x0AF0      	INCF       R0, 1
;__Lib_Math.c,668 :: 		
0x01C8	0x09F8      	COMF       R8, 1
;__Lib_Math.c,669 :: 		
0x01C9	0x0AF8      	INCF       R8, 1
;__Lib_Math.c,670 :: 		
0x01CA	0x3400      	RETLW      0
;__Lib_Math.c,671 :: 		
0x01CB	0x1FF4      	BTFSS      R4, 7
;__Lib_Math.c,672 :: 		
0x01CC	0x29D6      	GOTO       $+10
;__Lib_Math.c,673 :: 		
0x01CD	0x1BF0      	BTFSC      R0, 7
;__Lib_Math.c,674 :: 		
0x01CE	0x29D3      	GOTO       $+5
;__Lib_Math.c,675 :: 		
0x01CF	0x0870      	MOVF       R0, 0
;__Lib_Math.c,676 :: 		
0x01D0	0x00F8      	MOVWF      R8
;__Lib_Math.c,677 :: 		
0x01D1	0x01F0      	CLRF       R0
;__Lib_Math.c,678 :: 		
0x01D2	0x29C4      	GOTO       $-14
;__Lib_Math.c,679 :: 		
0x01D3	0x01F0      	CLRF       R0
;__Lib_Math.c,680 :: 		
0x01D4	0x0AF0      	INCF       R0, 1
;__Lib_Math.c,681 :: 		
0x01D5	0x3400      	RETLW      0
;__Lib_Math.c,682 :: 		
0x01D6	0x09F0      	COMF       R0, 1
;__Lib_Math.c,683 :: 		
0x01D7	0x0AFB      	INCF       R11, 1
;__Lib_Math.c,684 :: 		
0x01D8	0x29AC      	GOTO       $-44
;__Lib_Math.c,685 :: 		
0x01D9	0x0AF8      	INCF       R8, 1
;__Lib_Math.c,686 :: 		
0x01DA	0x0874      	MOVF       R4, 0
;__Lib_Math.c,687 :: 		
0x01DB	0x0278      	SUBWF      R8, 0
;__Lib_Math.c,688 :: 		
0x01DC	0x1D03      	BTFSS      STATUS, 2
;__Lib_Math.c,689 :: 		
0x01DD	0x29C4      	GOTO       $-25
;__Lib_Math.c,690 :: 		
0x01DE	0x01F8      	CLRF       R8
;__Lib_Math.c,691 :: 		
0x01DF	0x0AF0      	INCF       R0, 1
;__Lib_Math.c,692 :: 		
0x01E0	0x1FF0      	BTFSS      R0, 7
;__Lib_Math.c,693 :: 		
0x01E1	0x29C4      	GOTO       $-29
;__Lib_Math.c,694 :: 		
0x01E2	0x34FF      	RETLW      255
;__Lib_Math.c,696 :: 		
L_end_Div_8X8_S:
0x01E3	0x0008      	RETURN
; end of _Div_8X8_S
_____DoICP:
;__Lib_System.c,6 :: 		
;__Lib_System.c,9 :: 		
0x01E4	0x1283      	BCF        STATUS, 5
0x01E5	0x1303      	BCF        STATUS, 6
0x01E6	0x0851      	MOVF       ___DoICPAddr+1, 0
0x01E7	0x008A      	MOVWF      PCLATH
;__Lib_System.c,10 :: 		
0x01E8	0x0850      	MOVF       ___DoICPAddr, 0
0x01E9	0x0082      	MOVWF      PCL
;__Lib_System.c,12 :: 		
L_end_____DoICP:
0x01EA	0x0008      	RETURN
; end of _____DoICP
_IntToStr:
;__Lib_Conversions.c,195 :: 		
;__Lib_Conversions.c,201 :: 		
0x01EB	0x1283      	BCF        STATUS, 5
0x01EC	0x1303      	BCF        STATUS, 6
0x01ED	0x01DE      	CLRF       IntToStr_negative_L0
0x01EE	0x01DF      	CLRF       IntToStr_negative_L0+1
;__Lib_Conversions.c,202 :: 		
0x01EF	0x0859      	MOVF       FARG_IntToStr_input, 0
0x01F0	0x00E0      	MOVWF      IntToStr_inword_L0
0x01F1	0x085A      	MOVF       FARG_IntToStr_input+1, 0
0x01F2	0x00E1      	MOVWF      IntToStr_inword_L0+1
;__Lib_Conversions.c,203 :: 		
0x01F3	0x3080      	MOVLW      128
0x01F4	0x065A      	XORWF      FARG_IntToStr_input+1, 0
0x01F5	0x00F0      	MOVWF      R0
0x01F6	0x3080      	MOVLW      128
0x01F7	0x0270      	SUBWF      R0, 0
0x01F8	0x1D03      	BTFSS      STATUS, 2
0x01F9	0x29FC      	GOTO       L__IntToStr387
0x01FA	0x3000      	MOVLW      0
0x01FB	0x0259      	SUBWF      FARG_IntToStr_input, 0
L__IntToStr387:
0x01FC	0x1803      	BTFSC      STATUS, 0
0x01FD	0x2A0A      	GOTO       L_IntToStr37
;__Lib_Conversions.c,204 :: 		
0x01FE	0x3001      	MOVLW      1
0x01FF	0x00DE      	MOVWF      IntToStr_negative_L0
0x0200	0x3000      	MOVLW      0
0x0201	0x00DF      	MOVWF      IntToStr_negative_L0+1
;__Lib_Conversions.c,205 :: 		
0x0202	0x0859      	MOVF       FARG_IntToStr_input, 0
0x0203	0x3C00      	SUBLW      0
0x0204	0x00E0      	MOVWF      IntToStr_inword_L0
0x0205	0x085A      	MOVF       FARG_IntToStr_input+1, 0
0x0206	0x1C03      	BTFSS      STATUS, 0
0x0207	0x3E01      	ADDLW      1
0x0208	0x01E1      	CLRF       IntToStr_inword_L0+1
0x0209	0x02E1      	SUBWF      IntToStr_inword_L0+1, 1
;__Lib_Conversions.c,206 :: 		
L_IntToStr37:
;__Lib_Conversions.c,207 :: 		
0x020A	0x0860      	MOVF       IntToStr_inword_L0, 0
0x020B	0x00E6      	MOVWF      FARG_WordToStr_input
0x020C	0x0861      	MOVF       IntToStr_inword_L0+1, 0
0x020D	0x00E7      	MOVWF      FARG_WordToStr_input+1
0x020E	0x085B      	MOVF       FARG_IntToStr_output, 0
0x020F	0x00E8      	MOVWF      FARG_WordToStr_output
0x0210	0x2153      	CALL       _WordToStr
;__Lib_Conversions.c,209 :: 		
0x0211	0x3006      	MOVLW      6
0x0212	0x00DC      	MOVWF      IntToStr_i_L0
0x0213	0x3000      	MOVLW      0
0x0214	0x00DD      	MOVWF      IntToStr_i_L0+1
;__Lib_Conversions.c,210 :: 		
L_IntToStr38:
0x0215	0x085D      	MOVF       IntToStr_i_L0+1, 0
0x0216	0x3C00      	SUBLW      0
0x0217	0x1D03      	BTFSS      STATUS, 2
0x0218	0x2A1B      	GOTO       L__IntToStr388
0x0219	0x085C      	MOVF       IntToStr_i_L0, 0
0x021A	0x3C00      	SUBLW      0
L__IntToStr388:
0x021B	0x1803      	BTFSC      STATUS, 0
0x021C	0x2A36      	GOTO       L_IntToStr39
;__Lib_Conversions.c,211 :: 		
0x021D	0x085C      	MOVF       IntToStr_i_L0, 0
0x021E	0x075B      	ADDWF      FARG_IntToStr_output, 0
0x021F	0x00F2      	MOVWF      R2
0x0220	0x3001      	MOVLW      1
0x0221	0x025C      	SUBWF      IntToStr_i_L0, 0
0x0222	0x00F0      	MOVWF      R0
0x0223	0x3000      	MOVLW      0
0x0224	0x1C03      	BTFSS      STATUS, 0
0x0225	0x3E01      	ADDLW      1
0x0226	0x025D      	SUBWF      IntToStr_i_L0+1, 0
0x0227	0x00F1      	MOVWF      R0+1
0x0228	0x0870      	MOVF       R0, 0
0x0229	0x075B      	ADDWF      FARG_IntToStr_output, 0
0x022A	0x0084      	MOVWF      FSR
0x022B	0x0800      	MOVF       INDF, 0
0x022C	0x00F0      	MOVWF      R0
0x022D	0x0872      	MOVF       R2, 0
0x022E	0x0084      	MOVWF      FSR
0x022F	0x0870      	MOVF       R0, 0
0x0230	0x0080      	MOVWF      INDF
;__Lib_Conversions.c,212 :: 		
0x0231	0x3001      	MOVLW      1
0x0232	0x02DC      	SUBWF      IntToStr_i_L0, 1
0x0233	0x1C03      	BTFSS      STATUS, 0
0x0234	0x03DD      	DECF       IntToStr_i_L0+1, 1
;__Lib_Conversions.c,213 :: 		
0x0235	0x2A15      	GOTO       L_IntToStr38
L_IntToStr39:
;__Lib_Conversions.c,214 :: 		
0x0236	0x085B      	MOVF       FARG_IntToStr_output, 0
0x0237	0x0084      	MOVWF      FSR
0x0238	0x3020      	MOVLW      32
0x0239	0x0080      	MOVWF      INDF
;__Lib_Conversions.c,215 :: 		
0x023A	0x085E      	MOVF       IntToStr_negative_L0, 0
0x023B	0x045F      	IORWF      IntToStr_negative_L0+1, 0
0x023C	0x1903      	BTFSC      STATUS, 2
0x023D	0x2A54      	GOTO       L_IntToStr40
;__Lib_Conversions.c,216 :: 		
0x023E	0x01DC      	CLRF       IntToStr_i_L0
0x023F	0x01DD      	CLRF       IntToStr_i_L0+1
;__Lib_Conversions.c,217 :: 		
L_IntToStr41:
0x0240	0x085C      	MOVF       IntToStr_i_L0, 0
0x0241	0x075B      	ADDWF      FARG_IntToStr_output, 0
0x0242	0x0084      	MOVWF      FSR
0x0243	0x0800      	MOVF       INDF, 0
0x0244	0x3A20      	XORLW      32
0x0245	0x1D03      	BTFSS      STATUS, 2
0x0246	0x2A4B      	GOTO       L_IntToStr42
0x0247	0x0ADC      	INCF       IntToStr_i_L0, 1
0x0248	0x1903      	BTFSC      STATUS, 2
0x0249	0x0ADD      	INCF       IntToStr_i_L0+1, 1
0x024A	0x2A40      	GOTO       L_IntToStr41
L_IntToStr42:
;__Lib_Conversions.c,218 :: 		
0x024B	0x3001      	MOVLW      1
0x024C	0x02DC      	SUBWF      IntToStr_i_L0, 1
0x024D	0x1C03      	BTFSS      STATUS, 0
0x024E	0x03DD      	DECF       IntToStr_i_L0+1, 1
;__Lib_Conversions.c,219 :: 		
0x024F	0x085C      	MOVF       IntToStr_i_L0, 0
0x0250	0x075B      	ADDWF      FARG_IntToStr_output, 0
0x0251	0x0084      	MOVWF      FSR
0x0252	0x302D      	MOVLW      45
0x0253	0x0080      	MOVWF      INDF
L_IntToStr40:
;__Lib_Conversions.c,220 :: 		
L_end_IntToStr:
0x0254	0x0008      	RETURN
; end of _IntToStr
_FloatToStr:
;__Lib_Conversions.c,521 :: 		
;__Lib_Conversions.c,523 :: 		
0x0255	0x1283      	BCF        STATUS, 5
0x0256	0x1303      	BCF        STATUS, 6
0x0257	0x01E4      	CLRF       FloatToStr_bpoint_L0
0x0258	0x01E5      	CLRF       FloatToStr_dexpon_L0
;__Lib_Conversions.c,528 :: 		
0x0259	0x0859      	MOVF       FARG_FloatToStr_fnum, 0
0x025A	0x00E0      	MOVWF      FloatToStr_un_L0
0x025B	0x085A      	MOVF       FARG_FloatToStr_fnum+1, 0
0x025C	0x00E1      	MOVWF      FloatToStr_un_L0+1
0x025D	0x085B      	MOVF       FARG_FloatToStr_fnum+2, 0
0x025E	0x00E2      	MOVWF      FloatToStr_un_L0+2
0x025F	0x085C      	MOVF       FARG_FloatToStr_fnum+3, 0
0x0260	0x00E3      	MOVWF      FloatToStr_un_L0+3
;__Lib_Conversions.c,529 :: 		
0x0261	0x0863      	MOVF       FloatToStr_un_L0+3, 0
0x0262	0x3AFF      	XORLW      255
0x0263	0x1D03      	BTFSS      STATUS, 2
0x0264	0x2A6F      	GOTO       L__FloatToStr416
0x0265	0x0862      	MOVF       FloatToStr_un_L0+2, 0
0x0266	0x3AFF      	XORLW      255
0x0267	0x1D03      	BTFSS      STATUS, 2
0x0268	0x2A6F      	GOTO       L__FloatToStr416
0x0269	0x0861      	MOVF       FloatToStr_un_L0+1, 0
0x026A	0x3AFF      	XORLW      255
0x026B	0x1D03      	BTFSS      STATUS, 2
0x026C	0x2A6F      	GOTO       L__FloatToStr416
0x026D	0x0860      	MOVF       FloatToStr_un_L0, 0
0x026E	0x3AFF      	XORLW      255
L__FloatToStr416:
0x026F	0x1D03      	BTFSS      STATUS, 2
0x0270	0x2A79      	GOTO       L_FloatToStr90
;__Lib_Conversions.c,530 :: 		
0x0271	0x085D      	MOVF       FARG_FloatToStr_str, 0
0x0272	0x00E6      	MOVWF      FARG_strcpy_to
0x0273	0x3028      	MOVLW      ?lstr1___Lib_Conversions
0x0274	0x00E7      	MOVWF      FARG_strcpy_from
0x0275	0x20A4      	CALL       _strcpy
;__Lib_Conversions.c,531 :: 		
0x0276	0x3003      	MOVLW      3
0x0277	0x00F0      	MOVWF      R0
0x0278	0x2C52      	GOTO       L_end_FloatToStr
;__Lib_Conversions.c,532 :: 		
L_FloatToStr90:
;__Lib_Conversions.c,533 :: 		
0x0279	0x3001      	MOVLW      1
0x027A	0x00DE      	MOVWF      FloatToStr_i_L0
;__Lib_Conversions.c,534 :: 		
0x027B	0x1FE2      	BTFSS      FloatToStr_un_L0+2, 7
0x027C	0x2A88      	GOTO       L_FloatToStr91
;__Lib_Conversions.c,535 :: 		
0x027D	0x3080      	MOVLW      128
0x027E	0x0662      	XORWF      FloatToStr_un_L0+2, 0
0x027F	0x00F0      	MOVWF      R0
0x0280	0x0870      	MOVF       R0, 0
0x0281	0x00E2      	MOVWF      FloatToStr_un_L0+2
;__Lib_Conversions.c,536 :: 		
0x0282	0x0ADE      	INCF       FloatToStr_i_L0, 1
;__Lib_Conversions.c,537 :: 		
0x0283	0x085D      	MOVF       FARG_FloatToStr_str, 0
0x0284	0x0084      	MOVWF      FSR
0x0285	0x302D      	MOVLW      45
0x0286	0x0080      	MOVWF      INDF
0x0287	0x0ADD      	INCF       FARG_FloatToStr_str, 1
;__Lib_Conversions.c,538 :: 		
L_FloatToStr91:
;__Lib_Conversions.c,539 :: 		
0x0288	0x3000      	MOVLW      0
0x0289	0x00F0      	MOVWF      R0
0x028A	0x0663      	XORWF      FloatToStr_un_L0+3, 0
0x028B	0x1D03      	BTFSS      STATUS, 2
0x028C	0x2A97      	GOTO       L__FloatToStr417
0x028D	0x0870      	MOVF       R0, 0
0x028E	0x0662      	XORWF      FloatToStr_un_L0+2, 0
0x028F	0x1D03      	BTFSS      STATUS, 2
0x0290	0x2A97      	GOTO       L__FloatToStr417
0x0291	0x0870      	MOVF       R0, 0
0x0292	0x0661      	XORWF      FloatToStr_un_L0+1, 0
0x0293	0x1D03      	BTFSS      STATUS, 2
0x0294	0x2A97      	GOTO       L__FloatToStr417
0x0295	0x0860      	MOVF       FloatToStr_un_L0, 0
0x0296	0x3A00      	XORLW      0
L__FloatToStr417:
0x0297	0x1D03      	BTFSS      STATUS, 2
0x0298	0x2AA0      	GOTO       L_FloatToStr92
;__Lib_Conversions.c,540 :: 		
0x0299	0x085D      	MOVF       FARG_FloatToStr_str, 0
0x029A	0x00E6      	MOVWF      FARG_strcpy_to
0x029B	0x302C      	MOVLW      ?lstr2___Lib_Conversions
0x029C	0x00E7      	MOVWF      FARG_strcpy_from
0x029D	0x20A4      	CALL       _strcpy
;__Lib_Conversions.c,541 :: 		
0x029E	0x01F0      	CLRF       R0
0x029F	0x2C52      	GOTO       L_end_FloatToStr
;__Lib_Conversions.c,542 :: 		
L_FloatToStr92:
;__Lib_Conversions.c,543 :: 		
0x02A0	0x0863      	MOVF       FloatToStr_un_L0+3, 0
0x02A1	0x3AFF      	XORLW      255
0x02A2	0x1D03      	BTFSS      STATUS, 2
0x02A3	0x2AAE      	GOTO       L__FloatToStr418
0x02A4	0x0862      	MOVF       FloatToStr_un_L0+2, 0
0x02A5	0x3A00      	XORLW      0
0x02A6	0x1D03      	BTFSS      STATUS, 2
0x02A7	0x2AAE      	GOTO       L__FloatToStr418
0x02A8	0x0861      	MOVF       FloatToStr_un_L0+1, 0
0x02A9	0x3A00      	XORLW      0
0x02AA	0x1D03      	BTFSS      STATUS, 2
0x02AB	0x2AAE      	GOTO       L__FloatToStr418
0x02AC	0x0860      	MOVF       FloatToStr_un_L0, 0
0x02AD	0x3A00      	XORLW      0
L__FloatToStr418:
0x02AE	0x1D03      	BTFSS      STATUS, 2
0x02AF	0x2AB8      	GOTO       L_FloatToStr93
;__Lib_Conversions.c,544 :: 		
0x02B0	0x085D      	MOVF       FARG_FloatToStr_str, 0
0x02B1	0x00E6      	MOVWF      FARG_strcpy_to
0x02B2	0x302E      	MOVLW      ?lstr3___Lib_Conversions
0x02B3	0x00E7      	MOVWF      FARG_strcpy_from
0x02B4	0x20A4      	CALL       _strcpy
;__Lib_Conversions.c,545 :: 		
0x02B5	0x085E      	MOVF       FloatToStr_i_L0, 0
0x02B6	0x00F0      	MOVWF      R0
0x02B7	0x2C52      	GOTO       L_end_FloatToStr
;__Lib_Conversions.c,546 :: 		
L_FloatToStr93:
;__Lib_Conversions.c,554 :: 		
L_FloatToStr94:
0x02B8	0x3000      	MOVLW      0
0x02B9	0x00F4      	MOVWF      R4
0x02BA	0x3000      	MOVLW      0
0x02BB	0x00F5      	MOVWF      R4+1
0x02BC	0x3000      	MOVLW      0
0x02BD	0x00F6      	MOVWF      R4+2
0x02BE	0x307F      	MOVLW      127
0x02BF	0x00F7      	MOVWF      R4+3
0x02C0	0x0860      	MOVF       FloatToStr_un_L0, 0
0x02C1	0x00F0      	MOVWF      R0
0x02C2	0x0861      	MOVF       FloatToStr_un_L0+1, 0
0x02C3	0x00F1      	MOVWF      R0+1
0x02C4	0x0862      	MOVF       FloatToStr_un_L0+2, 0
0x02C5	0x00F2      	MOVWF      R0+2
0x02C6	0x0863      	MOVF       FloatToStr_un_L0+3, 0
0x02C7	0x00F3      	MOVWF      R0+3
0x02C8	0x20EE      	CALL       _Compare_Double
0x02C9	0x3001      	MOVLW      1
0x02CA	0x1803      	BTFSC      STATUS, 0
0x02CB	0x3000      	MOVLW      0
0x02CC	0x00F0      	MOVWF      R0
0x02CD	0x0870      	MOVF       R0, 0
0x02CE	0x1903      	BTFSC      STATUS, 2
0x02CF	0x2AEB      	GOTO       L_FloatToStr95
;__Lib_Conversions.c,555 :: 		
0x02D0	0x0860      	MOVF       FloatToStr_un_L0, 0
0x02D1	0x00F0      	MOVWF      R0
0x02D2	0x0861      	MOVF       FloatToStr_un_L0+1, 0
0x02D3	0x00F1      	MOVWF      R0+1
0x02D4	0x0862      	MOVF       FloatToStr_un_L0+2, 0
0x02D5	0x00F2      	MOVWF      R0+2
0x02D6	0x0863      	MOVF       FloatToStr_un_L0+3, 0
0x02D7	0x00F3      	MOVWF      R0+3
0x02D8	0x3000      	MOVLW      0
0x02D9	0x00F4      	MOVWF      R4
0x02DA	0x3000      	MOVLW      0
0x02DB	0x00F5      	MOVWF      R4+1
0x02DC	0x3020      	MOVLW      32
0x02DD	0x00F6      	MOVWF      R4+2
0x02DE	0x3082      	MOVLW      130
0x02DF	0x00F7      	MOVWF      R4+3
0x02E0	0x2043      	CALL       _Mul_32x32_FP
0x02E1	0x0870      	MOVF       R0, 0
0x02E2	0x00E0      	MOVWF      FloatToStr_un_L0
0x02E3	0x0871      	MOVF       R0+1, 0
0x02E4	0x00E1      	MOVWF      FloatToStr_un_L0+1
0x02E5	0x0872      	MOVF       R0+2, 0
0x02E6	0x00E2      	MOVWF      FloatToStr_un_L0+2
0x02E7	0x0873      	MOVF       R0+3, 0
0x02E8	0x00E3      	MOVWF      FloatToStr_un_L0+3
;__Lib_Conversions.c,556 :: 		
0x02E9	0x03E5      	DECF       FloatToStr_dexpon_L0, 1
;__Lib_Conversions.c,557 :: 		
0x02EA	0x2AB8      	GOTO       L_FloatToStr94
L_FloatToStr95:
;__Lib_Conversions.c,562 :: 		
L_FloatToStr96:
0x02EB	0x3000      	MOVLW      0
0x02EC	0x00F4      	MOVWF      R4
0x02ED	0x3000      	MOVLW      0
0x02EE	0x00F5      	MOVWF      R4+1
0x02EF	0x3020      	MOVLW      32
0x02F0	0x00F6      	MOVWF      R4+2
0x02F1	0x3082      	MOVLW      130
0x02F2	0x00F7      	MOVWF      R4+3
0x02F3	0x0860      	MOVF       FloatToStr_un_L0, 0
0x02F4	0x00F0      	MOVWF      R0
0x02F5	0x0861      	MOVF       FloatToStr_un_L0+1, 0
0x02F6	0x00F1      	MOVWF      R0+1
0x02F7	0x0862      	MOVF       FloatToStr_un_L0+2, 0
0x02F8	0x00F2      	MOVWF      R0+2
0x02F9	0x0863      	MOVF       FloatToStr_un_L0+3, 0
0x02FA	0x00F3      	MOVWF      R0+3
0x02FB	0x20EE      	CALL       _Compare_Double
0x02FC	0x3001      	MOVLW      1
0x02FD	0x1C03      	BTFSS      STATUS, 0
0x02FE	0x3000      	MOVLW      0
0x02FF	0x00F0      	MOVWF      R0
0x0300	0x0870      	MOVF       R0, 0
0x0301	0x1903      	BTFSC      STATUS, 2
0x0302	0x2B1E      	GOTO       L_FloatToStr97
;__Lib_Conversions.c,563 :: 		
0x0303	0x0860      	MOVF       FloatToStr_un_L0, 0
0x0304	0x00F0      	MOVWF      R0
0x0305	0x0861      	MOVF       FloatToStr_un_L0+1, 0
0x0306	0x00F1      	MOVWF      R0+1
0x0307	0x0862      	MOVF       FloatToStr_un_L0+2, 0
0x0308	0x00F2      	MOVWF      R0+2
0x0309	0x0863      	MOVF       FloatToStr_un_L0+3, 0
0x030A	0x00F3      	MOVWF      R0+3
0x030B	0x30CD      	MOVLW      205
0x030C	0x00F4      	MOVWF      R4
0x030D	0x30CC      	MOVLW      204
0x030E	0x00F5      	MOVWF      R4+1
0x030F	0x304C      	MOVLW      76
0x0310	0x00F6      	MOVWF      R4+2
0x0311	0x307B      	MOVLW      123
0x0312	0x00F7      	MOVWF      R4+3
0x0313	0x2043      	CALL       _Mul_32x32_FP
0x0314	0x0870      	MOVF       R0, 0
0x0315	0x00E0      	MOVWF      FloatToStr_un_L0
0x0316	0x0871      	MOVF       R0+1, 0
0x0317	0x00E1      	MOVWF      FloatToStr_un_L0+1
0x0318	0x0872      	MOVF       R0+2, 0
0x0319	0x00E2      	MOVWF      FloatToStr_un_L0+2
0x031A	0x0873      	MOVF       R0+3, 0
0x031B	0x00E3      	MOVWF      FloatToStr_un_L0+3
;__Lib_Conversions.c,564 :: 		
0x031C	0x0AE5      	INCF       FloatToStr_dexpon_L0, 1
;__Lib_Conversions.c,565 :: 		
0x031D	0x2AEB      	GOTO       L_FloatToStr96
L_FloatToStr97:
;__Lib_Conversions.c,574 :: 		
0x031E	0x30FF      	MOVLW      255
0x031F	0x0560      	ANDWF      FloatToStr_un_L0, 0
0x0320	0x00F8      	MOVWF      R8
0x0321	0x30FF      	MOVLW      255
0x0322	0x0561      	ANDWF      FloatToStr_un_L0+1, 0
0x0323	0x00F9      	MOVWF      R8+1
0x0324	0x307F      	MOVLW      127
0x0325	0x0562      	ANDWF      FloatToStr_un_L0+2, 0
0x0326	0x00FA      	MOVWF      R8+2
0x0327	0x3000      	MOVLW      0
0x0328	0x0563      	ANDWF      FloatToStr_un_L0+3, 0
0x0329	0x00FB      	MOVWF      R8+3
;__Lib_Conversions.c,575 :: 		
0x032A	0x0878      	MOVF       R8, 0
0x032B	0x00F4      	MOVWF      R4
0x032C	0x0879      	MOVF       R8+1, 0
0x032D	0x00F5      	MOVWF      R4+1
0x032E	0x087A      	MOVF       R8+2, 0
0x032F	0x00F6      	MOVWF      R4+2
0x0330	0x087B      	MOVF       R8+3, 0
0x0331	0x00F7      	MOVWF      R4+3
0x0332	0x0DF4      	RLF        R4, 1
0x0333	0x0DF5      	RLF        R4+1, 1
0x0334	0x0DF6      	RLF        R4+2, 1
0x0335	0x0DF7      	RLF        R4+3, 1
0x0336	0x1074      	BCF        R4, 0
;__Lib_Conversions.c,576 :: 		
0x0337	0x3000      	MOVLW      0
0x0338	0x0560      	ANDWF      FloatToStr_un_L0, 0
0x0339	0x00F0      	MOVWF      R0
0x033A	0x3000      	MOVLW      0
0x033B	0x0561      	ANDWF      FloatToStr_un_L0+1, 0
0x033C	0x00F1      	MOVWF      R0+1
0x033D	0x3000      	MOVLW      0
0x033E	0x0562      	ANDWF      FloatToStr_un_L0+2, 0
0x033F	0x00F2      	MOVWF      R0+2
0x0340	0x30FF      	MOVLW      255
0x0341	0x0563      	ANDWF      FloatToStr_un_L0+3, 0
0x0342	0x00F3      	MOVWF      R0+3
0x0343	0x0870      	MOVF       R0, 0
0x0344	0x00E0      	MOVWF      FloatToStr_un_L0
0x0345	0x0871      	MOVF       R0+1, 0
0x0346	0x00E1      	MOVWF      FloatToStr_un_L0+1
0x0347	0x0872      	MOVF       R0+2, 0
0x0348	0x00E2      	MOVWF      FloatToStr_un_L0+2
0x0349	0x0873      	MOVF       R0+3, 0
0x034A	0x00E3      	MOVWF      FloatToStr_un_L0+3
;__Lib_Conversions.c,577 :: 		
0x034B	0x0874      	MOVF       R4, 0
0x034C	0x0460      	IORWF      FloatToStr_un_L0, 0
0x034D	0x00F0      	MOVWF      R0
0x034E	0x0875      	MOVF       R4+1, 0
0x034F	0x0461      	IORWF      FloatToStr_un_L0+1, 0
0x0350	0x00F1      	MOVWF      R0+1
0x0351	0x0876      	MOVF       R4+2, 0
0x0352	0x0462      	IORWF      FloatToStr_un_L0+2, 0
0x0353	0x00F2      	MOVWF      R0+2
0x0354	0x0877      	MOVF       R4+3, 0
0x0355	0x0463      	IORWF      FloatToStr_un_L0+3, 0
0x0356	0x00F3      	MOVWF      R0+3
0x0357	0x0870      	MOVF       R0, 0
0x0358	0x00E0      	MOVWF      FloatToStr_un_L0
0x0359	0x0871      	MOVF       R0+1, 0
0x035A	0x00E1      	MOVWF      FloatToStr_un_L0+1
0x035B	0x0872      	MOVF       R0+2, 0
0x035C	0x00E2      	MOVWF      FloatToStr_un_L0+2
0x035D	0x0873      	MOVF       R0+3, 0
0x035E	0x00E3      	MOVWF      FloatToStr_un_L0+3
;__Lib_Conversions.c,579 :: 		
0x035F	0x307F      	MOVLW      127
0x0360	0x0263      	SUBWF      FloatToStr_un_L0+3, 0
0x0361	0x00F0      	MOVWF      R0
0x0362	0x0870      	MOVF       R0, 0
0x0363	0x00DF      	MOVWF      FloatToStr_d_L0
;__Lib_Conversions.c,582 :: 		
0x0364	0x3001      	MOVLW      1
0x0365	0x00E3      	MOVWF      FloatToStr_un_L0+3
;__Lib_Conversions.c,583 :: 		
0x0366	0x0870      	MOVF       R0, 0
0x0367	0x00F4      	MOVWF      R4
0x0368	0x0860      	MOVF       FloatToStr_un_L0, 0
0x0369	0x00F0      	MOVWF      R0
0x036A	0x0861      	MOVF       FloatToStr_un_L0+1, 0
0x036B	0x00F1      	MOVWF      R0+1
0x036C	0x0862      	MOVF       FloatToStr_un_L0+2, 0
0x036D	0x00F2      	MOVWF      R0+2
0x036E	0x0863      	MOVF       FloatToStr_un_L0+3, 0
0x036F	0x00F3      	MOVWF      R0+3
0x0370	0x0874      	MOVF       R4, 0
L__FloatToStr419:
0x0371	0x1903      	BTFSC      STATUS, 2
0x0372	0x2B7A      	GOTO       L__FloatToStr420
0x0373	0x0DF0      	RLF        R0, 1
0x0374	0x0DF1      	RLF        R0+1, 1
0x0375	0x0DF2      	RLF        R0+2, 1
0x0376	0x0DF3      	RLF        R0+3, 1
0x0377	0x1070      	BCF        R0, 0
0x0378	0x3EFF      	ADDLW      255
0x0379	0x2B71      	GOTO       L__FloatToStr419
L__FloatToStr420:
0x037A	0x0870      	MOVF       R0, 0
0x037B	0x00E0      	MOVWF      FloatToStr_un_L0
0x037C	0x0871      	MOVF       R0+1, 0
0x037D	0x00E1      	MOVWF      FloatToStr_un_L0+1
0x037E	0x0872      	MOVF       R0+2, 0
0x037F	0x00E2      	MOVWF      FloatToStr_un_L0+2
0x0380	0x0873      	MOVF       R0+3, 0
0x0381	0x00E3      	MOVWF      FloatToStr_un_L0+3
;__Lib_Conversions.c,584 :: 		
0x0382	0x0863      	MOVF       FloatToStr_un_L0+3, 0
0x0383	0x3E30      	ADDLW      48
0x0384	0x00F0      	MOVWF      R0
0x0385	0x085D      	MOVF       FARG_FloatToStr_str, 0
0x0386	0x0084      	MOVWF      FSR
0x0387	0x0870      	MOVF       R0, 0
0x0388	0x0080      	MOVWF      INDF
0x0389	0x0ADD      	INCF       FARG_FloatToStr_str, 1
;__Lib_Conversions.c,585 :: 		
0x038A	0x3080      	MOVLW      128
0x038B	0x0665      	XORWF      FloatToStr_dexpon_L0, 0
0x038C	0x00F0      	MOVWF      R0
0x038D	0x3080      	MOVLW      128
0x038E	0x3A01      	XORLW      1
0x038F	0x0270      	SUBWF      R0, 0
0x0390	0x1C03      	BTFSS      STATUS, 0
0x0391	0x2B9B      	GOTO       L__FloatToStr346
0x0392	0x3080      	MOVLW      128
0x0393	0x3A06      	XORLW      6
0x0394	0x00F0      	MOVWF      R0
0x0395	0x3080      	MOVLW      128
0x0396	0x0665      	XORWF      FloatToStr_dexpon_L0, 0
0x0397	0x0270      	SUBWF      R0, 0
0x0398	0x1C03      	BTFSS      STATUS, 0
0x0399	0x2B9B      	GOTO       L__FloatToStr346
0x039A	0x2BA2      	GOTO       L_FloatToStr100
L__FloatToStr346:
;__Lib_Conversions.c,586 :: 		
0x039B	0x085D      	MOVF       FARG_FloatToStr_str, 0
0x039C	0x0084      	MOVWF      FSR
0x039D	0x302E      	MOVLW      46
0x039E	0x0080      	MOVWF      INDF
0x039F	0x0ADD      	INCF       FARG_FloatToStr_str, 1
;__Lib_Conversions.c,587 :: 		
0x03A0	0x3001      	MOVLW      1
0x03A1	0x00E4      	MOVWF      FloatToStr_bpoint_L0
;__Lib_Conversions.c,588 :: 		
L_FloatToStr100:
;__Lib_Conversions.c,589 :: 		
0x03A2	0x3006      	MOVLW      6
0x03A3	0x00DF      	MOVWF      FloatToStr_d_L0
L_FloatToStr101:
0x03A4	0x085F      	MOVF       FloatToStr_d_L0, 0
0x03A5	0x3A00      	XORLW      0
0x03A6	0x1903      	BTFSC      STATUS, 2
0x03A7	0x2C00      	GOTO       L_FloatToStr102
;__Lib_Conversions.c,590 :: 		
0x03A8	0x01E3      	CLRF       FloatToStr_un_L0+3
;__Lib_Conversions.c,591 :: 		
0x03A9	0x0860      	MOVF       FloatToStr_un_L0, 0
0x03AA	0x00F0      	MOVWF      R0
0x03AB	0x0861      	MOVF       FloatToStr_un_L0+1, 0
0x03AC	0x00F1      	MOVWF      R0+1
0x03AD	0x0862      	MOVF       FloatToStr_un_L0+2, 0
0x03AE	0x00F2      	MOVWF      R0+2
0x03AF	0x0863      	MOVF       FloatToStr_un_L0+3, 0
0x03B0	0x00F3      	MOVWF      R0+3
0x03B1	0x0DF0      	RLF        R0, 1
0x03B2	0x0DF1      	RLF        R0+1, 1
0x03B3	0x0DF2      	RLF        R0+2, 1
0x03B4	0x0DF3      	RLF        R0+3, 1
0x03B5	0x1070      	BCF        R0, 0
0x03B6	0x0DF0      	RLF        R0, 1
0x03B7	0x0DF1      	RLF        R0+1, 1
0x03B8	0x0DF2      	RLF        R0+2, 1
0x03B9	0x0DF3      	RLF        R0+3, 1
0x03BA	0x1070      	BCF        R0, 0
0x03BB	0x0860      	MOVF       FloatToStr_un_L0, 0
0x03BC	0x07F0      	ADDWF      R0, 1
0x03BD	0x0861      	MOVF       FloatToStr_un_L0+1, 0
0x03BE	0x1803      	BTFSC      STATUS, 0
0x03BF	0x0F61      	INCFSZ     FloatToStr_un_L0+1, 0
0x03C0	0x07F1      	ADDWF      R0+1, 1
0x03C1	0x0862      	MOVF       FloatToStr_un_L0+2, 0
0x03C2	0x1803      	BTFSC      STATUS, 0
0x03C3	0x0F62      	INCFSZ     FloatToStr_un_L0+2, 0
0x03C4	0x07F2      	ADDWF      R0+2, 1
0x03C5	0x0863      	MOVF       FloatToStr_un_L0+3, 0
0x03C6	0x1803      	BTFSC      STATUS, 0
0x03C7	0x0F63      	INCFSZ     FloatToStr_un_L0+3, 0
0x03C8	0x07F3      	ADDWF      R0+3, 1
0x03C9	0x0870      	MOVF       R0, 0
0x03CA	0x00E0      	MOVWF      FloatToStr_un_L0
0x03CB	0x0871      	MOVF       R0+1, 0
0x03CC	0x00E1      	MOVWF      FloatToStr_un_L0+1
0x03CD	0x0872      	MOVF       R0+2, 0
0x03CE	0x00E2      	MOVWF      FloatToStr_un_L0+2
0x03CF	0x0873      	MOVF       R0+3, 0
0x03D0	0x00E3      	MOVWF      FloatToStr_un_L0+3
;__Lib_Conversions.c,592 :: 		
0x03D1	0x0860      	MOVF       FloatToStr_un_L0, 0
0x03D2	0x00F0      	MOVWF      R0
0x03D3	0x0861      	MOVF       FloatToStr_un_L0+1, 0
0x03D4	0x00F1      	MOVWF      R0+1
0x03D5	0x0862      	MOVF       FloatToStr_un_L0+2, 0
0x03D6	0x00F2      	MOVWF      R0+2
0x03D7	0x0863      	MOVF       FloatToStr_un_L0+3, 0
0x03D8	0x00F3      	MOVWF      R0+3
0x03D9	0x0DF0      	RLF        R0, 1
0x03DA	0x0DF1      	RLF        R0+1, 1
0x03DB	0x0DF2      	RLF        R0+2, 1
0x03DC	0x0DF3      	RLF        R0+3, 1
0x03DD	0x1070      	BCF        R0, 0
0x03DE	0x0870      	MOVF       R0, 0
0x03DF	0x00E0      	MOVWF      FloatToStr_un_L0
0x03E0	0x0871      	MOVF       R0+1, 0
0x03E1	0x00E1      	MOVWF      FloatToStr_un_L0+1
0x03E2	0x0872      	MOVF       R0+2, 0
0x03E3	0x00E2      	MOVWF      FloatToStr_un_L0+2
0x03E4	0x0873      	MOVF       R0+3, 0
0x03E5	0x00E3      	MOVWF      FloatToStr_un_L0+3
;__Lib_Conversions.c,593 :: 		
0x03E6	0x0863      	MOVF       FloatToStr_un_L0+3, 0
0x03E7	0x3E30      	ADDLW      48
0x03E8	0x00F0      	MOVWF      R0
0x03E9	0x085D      	MOVF       FARG_FloatToStr_str, 0
0x03EA	0x0084      	MOVWF      FSR
0x03EB	0x0870      	MOVF       R0, 0
0x03EC	0x0080      	MOVWF      INDF
0x03ED	0x0ADD      	INCF       FARG_FloatToStr_str, 1
;__Lib_Conversions.c,594 :: 		
0x03EE	0x0864      	MOVF       FloatToStr_bpoint_L0, 0
0x03EF	0x3A00      	XORLW      0
0x03F0	0x1D03      	BTFSS      STATUS, 2
0x03F1	0x2BFE      	GOTO       L_FloatToStr104
;__Lib_Conversions.c,595 :: 		
0x03F2	0x03E5      	DECF       FloatToStr_dexpon_L0, 1
0x03F3	0x0865      	MOVF       FloatToStr_dexpon_L0, 0
0x03F4	0x3A00      	XORLW      0
0x03F5	0x1D03      	BTFSS      STATUS, 2
0x03F6	0x2BFE      	GOTO       L_FloatToStr105
;__Lib_Conversions.c,596 :: 		
0x03F7	0x085D      	MOVF       FARG_FloatToStr_str, 0
0x03F8	0x0084      	MOVWF      FSR
0x03F9	0x302E      	MOVLW      46
0x03FA	0x0080      	MOVWF      INDF
0x03FB	0x0ADD      	INCF       FARG_FloatToStr_str, 1
;__Lib_Conversions.c,597 :: 		
0x03FC	0x3001      	MOVLW      1
0x03FD	0x00E4      	MOVWF      FloatToStr_bpoint_L0
;__Lib_Conversions.c,598 :: 		
L_FloatToStr105:
L_FloatToStr104:
;__Lib_Conversions.c,589 :: 		
0x03FE	0x03DF      	DECF       FloatToStr_d_L0, 1
;__Lib_Conversions.c,599 :: 		
0x03FF	0x2BA4      	GOTO       L_FloatToStr101
L_FloatToStr102:
;__Lib_Conversions.c,600 :: 		
L_FloatToStr106:
0x0400	0x30FF      	MOVLW      255
0x0401	0x075D      	ADDWF      FARG_FloatToStr_str, 0
0x0402	0x0084      	MOVWF      FSR
0x0403	0x0800      	MOVF       INDF, 0
0x0404	0x3A30      	XORLW      48
0x0405	0x1D03      	BTFSS      STATUS, 2
0x0406	0x2C09      	GOTO       L_FloatToStr107
;__Lib_Conversions.c,601 :: 		
0x0407	0x03DD      	DECF       FARG_FloatToStr_str, 1
0x0408	0x2C00      	GOTO       L_FloatToStr106
L_FloatToStr107:
;__Lib_Conversions.c,602 :: 		
0x0409	0x30FF      	MOVLW      255
0x040A	0x075D      	ADDWF      FARG_FloatToStr_str, 0
0x040B	0x0084      	MOVWF      FSR
0x040C	0x0800      	MOVF       INDF, 0
0x040D	0x3A2E      	XORLW      46
0x040E	0x1D03      	BTFSS      STATUS, 2
0x040F	0x2C11      	GOTO       L_FloatToStr108
;__Lib_Conversions.c,603 :: 		
0x0410	0x03DD      	DECF       FARG_FloatToStr_str, 1
L_FloatToStr108:
;__Lib_Conversions.c,604 :: 		
0x0411	0x0865      	MOVF       FloatToStr_dexpon_L0, 0
0x0412	0x3A00      	XORLW      0
0x0413	0x1903      	BTFSC      STATUS, 2
0x0414	0x2C4E      	GOTO       L_FloatToStr109
;__Lib_Conversions.c,605 :: 		
0x0415	0x085D      	MOVF       FARG_FloatToStr_str, 0
0x0416	0x0084      	MOVWF      FSR
0x0417	0x3065      	MOVLW      101
0x0418	0x0080      	MOVWF      INDF
0x0419	0x0ADD      	INCF       FARG_FloatToStr_str, 1
;__Lib_Conversions.c,606 :: 		
0x041A	0x3080      	MOVLW      128
0x041B	0x0665      	XORWF      FloatToStr_dexpon_L0, 0
0x041C	0x00F0      	MOVWF      R0
0x041D	0x3080      	MOVLW      128
0x041E	0x3A00      	XORLW      0
0x041F	0x0270      	SUBWF      R0, 0
0x0420	0x1803      	BTFSC      STATUS, 0
0x0421	0x2C2A      	GOTO       L_FloatToStr110
;__Lib_Conversions.c,607 :: 		
0x0422	0x085D      	MOVF       FARG_FloatToStr_str, 0
0x0423	0x0084      	MOVWF      FSR
0x0424	0x302D      	MOVLW      45
0x0425	0x0080      	MOVWF      INDF
0x0426	0x0ADD      	INCF       FARG_FloatToStr_str, 1
;__Lib_Conversions.c,608 :: 		
0x0427	0x0865      	MOVF       FloatToStr_dexpon_L0, 0
0x0428	0x3C00      	SUBLW      0
0x0429	0x00E5      	MOVWF      FloatToStr_dexpon_L0
;__Lib_Conversions.c,609 :: 		
L_FloatToStr110:
;__Lib_Conversions.c,610 :: 		
0x042A	0x0865      	MOVF       FloatToStr_dexpon_L0, 0
0x042B	0x00DF      	MOVWF      FloatToStr_d_L0
;__Lib_Conversions.c,611 :: 		
0x042C	0x3080      	MOVLW      128
0x042D	0x3A09      	XORLW      9
0x042E	0x00F0      	MOVWF      R0
0x042F	0x3080      	MOVLW      128
0x0430	0x0665      	XORWF      FloatToStr_dexpon_L0, 0
0x0431	0x0270      	SUBWF      R0, 0
0x0432	0x1803      	BTFSC      STATUS, 0
0x0433	0x2C40      	GOTO       L_FloatToStr111
;__Lib_Conversions.c,612 :: 		
0x0434	0x300A      	MOVLW      10
0x0435	0x00F4      	MOVWF      R4
0x0436	0x085F      	MOVF       FloatToStr_d_L0, 0
0x0437	0x00F0      	MOVWF      R0
0x0438	0x2193      	CALL       _Div_8X8_S
0x0439	0x3030      	MOVLW      48
0x043A	0x07F0      	ADDWF      R0, 1
0x043B	0x085D      	MOVF       FARG_FloatToStr_str, 0
0x043C	0x0084      	MOVWF      FSR
0x043D	0x0870      	MOVF       R0, 0
0x043E	0x0080      	MOVWF      INDF
0x043F	0x0ADD      	INCF       FARG_FloatToStr_str, 1
L_FloatToStr111:
;__Lib_Conversions.c,613 :: 		
0x0440	0x300A      	MOVLW      10
0x0441	0x00F4      	MOVWF      R4
0x0442	0x085F      	MOVF       FloatToStr_d_L0, 0
0x0443	0x00F0      	MOVWF      R0
0x0444	0x2193      	CALL       _Div_8X8_S
0x0445	0x0878      	MOVF       R8, 0
0x0446	0x00F0      	MOVWF      R0
0x0447	0x3030      	MOVLW      48
0x0448	0x07F0      	ADDWF      R0, 1
0x0449	0x085D      	MOVF       FARG_FloatToStr_str, 0
0x044A	0x0084      	MOVWF      FSR
0x044B	0x0870      	MOVF       R0, 0
0x044C	0x0080      	MOVWF      INDF
0x044D	0x0ADD      	INCF       FARG_FloatToStr_str, 1
;__Lib_Conversions.c,614 :: 		
L_FloatToStr109:
;__Lib_Conversions.c,615 :: 		
0x044E	0x085D      	MOVF       FARG_FloatToStr_str, 0
0x044F	0x0084      	MOVWF      FSR
0x0450	0x0180      	CLRF       INDF
;__Lib_Conversions.c,616 :: 		
0x0451	0x01F0      	CLRF       R0
;__Lib_Conversions.c,617 :: 		
L_end_FloatToStr:
0x0452	0x0008      	RETURN
; end of _FloatToStr
_Div_32x32_FP:
;__Lib_MathDouble.c,761 :: 		
;__Lib_MathDouble.c,773 :: 		
;__Lib_MathDouble.c,776 :: 		
0x0453	0x1283      	BCF        STATUS, 5
0x0454	0x1303      	BCF        STATUS, 6
0x0455	0x0874      	MOVF       R4, 0
0x0456	0x3A00      	XORLW      0
0x0457	0x1D03      	BTFSS      STATUS, 2
0x0458	0x2C6E      	GOTO       L_Div_32x32_FP7
;__Lib_MathDouble.c,777 :: 		
0x0459	0x0875      	MOVF       R5, 0
0x045A	0x3A00      	XORLW      0
0x045B	0x1D03      	BTFSS      STATUS, 2
0x045C	0x2C6E      	GOTO       L_Div_32x32_FP8
;__Lib_MathDouble.c,778 :: 		
0x045D	0x0876      	MOVF       R6, 0
0x045E	0x3A00      	XORLW      0
0x045F	0x1D03      	BTFSS      STATUS, 2
0x0460	0x2C6E      	GOTO       L_Div_32x32_FP9
;__Lib_MathDouble.c,779 :: 		
0x0461	0x0877      	MOVF       R7, 0
0x0462	0x3A00      	XORLW      0
0x0463	0x1D03      	BTFSS      STATUS, 2
0x0464	0x2C6E      	GOTO       L_Div_32x32_FP10
;__Lib_MathDouble.c,780 :: 		
0x0465	0x30FF      	MOVLW      255
0x0466	0x00F0      	MOVWF      R0
;__Lib_MathDouble.c,781 :: 		
0x0467	0x30FF      	MOVLW      255
0x0468	0x00F1      	MOVWF      R1
;__Lib_MathDouble.c,782 :: 		
0x0469	0x307F      	MOVLW      127
0x046A	0x00F2      	MOVWF      R2
;__Lib_MathDouble.c,783 :: 		
0x046B	0x30FF      	MOVLW      255
0x046C	0x00F3      	MOVWF      R3
;__Lib_MathDouble.c,784 :: 		
0x046D	0x2D09      	GOTO       L_end_Div_32x32_FP
;__Lib_MathDouble.c,785 :: 		
L_Div_32x32_FP10:
L_Div_32x32_FP9:
L_Div_32x32_FP8:
L_Div_32x32_FP7:
;__Lib_MathDouble.c,788 :: 		
0x046E	0x1283      	BCF        STATUS, 5
;__Lib_MathDouble.c,789 :: 		
0x046F	0x1303      	BCF        STATUS, 6
;__Lib_MathDouble.c,791 :: 		
0x0470	0x0877      	MOVF       R7, 0
;__Lib_MathDouble.c,792 :: 		
0x0471	0x1903      	BTFSC      STATUS, 2
;__Lib_MathDouble.c,793 :: 		
0x0472	0x2CFD      	GOTO       JPDSETFDZ32
;__Lib_MathDouble.c,795 :: 		
0x0473	0x0873      	MOVF       R3, 0
;__Lib_MathDouble.c,796 :: 		
0x0474	0x1903      	BTFSC      STATUS, 2
;__Lib_MathDouble.c,797 :: 		
0x0475	0x2D00      	GOTO       JPDRES032
;__Lib_MathDouble.c,799 :: 		
0x0476	0x0872      	MOVF       R2, 0
;__Lib_MathDouble.c,800 :: 		
0x0477	0x0676      	XORWF      R6, 0
;__Lib_MathDouble.c,801 :: 		
0x0478	0x3980      	ANDLW      128
;__Lib_MathDouble.c,802 :: 		
0x0479	0x00FA      	MOVWF      R10
;__Lib_MathDouble.c,803 :: 		
0x047A	0x17F2      	BSF        R2, 7
;__Lib_MathDouble.c,804 :: 		
0x047B	0x17F6      	BSF        R6, 7
;__Lib_MathDouble.c,806 :: 		
0x047C	0x01A0      	CLRF       __math_tempbD
;__Lib_MathDouble.c,807 :: 		
0x047D	0x0872      	MOVF       R2, 0
;__Lib_MathDouble.c,808 :: 		
0x047E	0x00F8      	MOVWF      R8
;__Lib_MathDouble.c,809 :: 		
0x047F	0x0871      	MOVF       R1, 0
;__Lib_MathDouble.c,810 :: 		
0x0480	0x00FC      	MOVWF      R12
;__Lib_MathDouble.c,811 :: 		
0x0481	0x0870      	MOVF       R0, 0
;__Lib_MathDouble.c,812 :: 		
0x0482	0x00FD      	MOVWF      R13
;__Lib_MathDouble.c,814 :: 		
0x0483	0x0874      	MOVF       R4, 0
;__Lib_MathDouble.c,815 :: 		
0x0484	0x02FD      	SUBWF      R13, 1
;__Lib_MathDouble.c,816 :: 		
0x0485	0x0875      	MOVF       R5, 0
;__Lib_MathDouble.c,817 :: 		
0x0486	0x1C03      	BTFSS      STATUS, 0
;__Lib_MathDouble.c,818 :: 		
0x0487	0x0F75      	INCFSZ     R5, 0
;__Lib_MathDouble.c,820 :: 		
0x0488	0x02FC      	SUBWF      R12, 1
;__Lib_MathDouble.c,821 :: 		
0x0489	0x0876      	MOVF       R6, 0
;__Lib_MathDouble.c,822 :: 		
0x048A	0x1C03      	BTFSS      STATUS, 0
;__Lib_MathDouble.c,823 :: 		
0x048B	0x0F76      	INCFSZ     R6, 0
;__Lib_MathDouble.c,825 :: 		
0x048C	0x02F8      	SUBWF      R8, 1
;__Lib_MathDouble.c,826 :: 		
0x048D	0x01F8      	CLRF       R8
;__Lib_MathDouble.c,827 :: 		
0x048E	0x01FC      	CLRF       R12
;__Lib_MathDouble.c,828 :: 		
0x048F	0x01FD      	CLRF       R13
;__Lib_MathDouble.c,829 :: 		
0x0490	0x1C03      	BTFSS      STATUS, 0
;__Lib_MathDouble.c,830 :: 		
0x0491	0x2C99      	GOTO       DALIGN32OK
;__Lib_MathDouble.c,832 :: 		
0x0492	0x1003      	BCF        STATUS, 0
;__Lib_MathDouble.c,833 :: 		
0x0493	0x0CF2      	RRF        R2, 1
;__Lib_MathDouble.c,834 :: 		
0x0494	0x0CF1      	RRF        R1, 1
;__Lib_MathDouble.c,835 :: 		
0x0495	0x0CF0      	RRF        R0, 1
;__Lib_MathDouble.c,836 :: 		
0x0496	0x0CF8      	RRF        R8, 1
;__Lib_MathDouble.c,837 :: 		
0x0497	0x3001      	MOVLW      1
;__Lib_MathDouble.c,838 :: 		
0x0498	0x00A0      	MOVWF      __math_tempbD
;__Lib_MathDouble.c,839 :: 		
DALIGN32OK:
;__Lib_MathDouble.c,840 :: 		
0x0499	0x0877      	MOVF       R7, 0
;__Lib_MathDouble.c,841 :: 		
0x049A	0x02F3      	SUBWF      R3, 1
;__Lib_MathDouble.c,842 :: 		
0x049B	0x1C03      	BTFSS      STATUS, 0
;__Lib_MathDouble.c,843 :: 		
0x049C	0x2CA3      	GOTO       ALTB32
;__Lib_MathDouble.c,845 :: 		
0x049D	0x307E      	MOVLW      126
;__Lib_MathDouble.c,846 :: 		
0x049E	0x0720      	ADDWF      __math_tempbD, 0
;__Lib_MathDouble.c,847 :: 		
0x049F	0x07F3      	ADDWF      R3, 1
;__Lib_MathDouble.c,848 :: 		
0x04A0	0x1803      	BTFSC      STATUS, 0
;__Lib_MathDouble.c,849 :: 		
0x04A1	0x2D03      	GOTO       JPDSETFOV32
;__Lib_MathDouble.c,850 :: 		
0x04A2	0x2CA8      	GOTO       DARGOK32
;__Lib_MathDouble.c,851 :: 		
ALTB32:
;__Lib_MathDouble.c,852 :: 		
0x04A3	0x307E      	MOVLW      126
;__Lib_MathDouble.c,853 :: 		
0x04A4	0x0720      	ADDWF      __math_tempbD, 0
;__Lib_MathDouble.c,854 :: 		
0x04A5	0x07F3      	ADDWF      R3, 1
;__Lib_MathDouble.c,855 :: 		
0x04A6	0x1C03      	BTFSS      STATUS, 0
;__Lib_MathDouble.c,856 :: 		
0x04A7	0x2D06      	GOTO       JPDSETFUN32
;__Lib_MathDouble.c,857 :: 		
DARGOK32:
;__Lib_MathDouble.c,858 :: 		
0x04A8	0x3018      	MOVLW      24
;__Lib_MathDouble.c,860 :: 		
0x04A9	0x07FA      	ADDWF      R10, 1
;__Lib_MathDouble.c,861 :: 		
DLOOP32:
;__Lib_MathDouble.c,862 :: 		
0x04AA	0x0DFD      	RLF        R13, 1
;__Lib_MathDouble.c,863 :: 		
0x04AB	0x0DFC      	RLF        R12, 1
;__Lib_MathDouble.c,864 :: 		
0x04AC	0x0DF8      	RLF        R8, 1
;__Lib_MathDouble.c,865 :: 		
0x04AD	0x0DF0      	RLF        R0, 1
;__Lib_MathDouble.c,866 :: 		
0x04AE	0x0DF1      	RLF        R1, 1
;__Lib_MathDouble.c,867 :: 		
0x04AF	0x0DF2      	RLF        R2, 1
;__Lib_MathDouble.c,868 :: 		
0x04B0	0x0DA0      	RLF        __math_tempbD, 1
;__Lib_MathDouble.c,870 :: 		
0x04B1	0x0874      	MOVF       R4, 0
;__Lib_MathDouble.c,871 :: 		
0x04B2	0x02F0      	SUBWF      R0, 1
;__Lib_MathDouble.c,872 :: 		
0x04B3	0x0875      	MOVF       R5, 0
;__Lib_MathDouble.c,873 :: 		
0x04B4	0x1C03      	BTFSS      STATUS, 0
;__Lib_MathDouble.c,874 :: 		
0x04B5	0x0F75      	INCFSZ     R5, 0
;__Lib_MathDouble.c,876 :: 		
0x04B6	0x02F1      	SUBWF      R1, 1
;__Lib_MathDouble.c,877 :: 		
0x04B7	0x0876      	MOVF       R6, 0
;__Lib_MathDouble.c,878 :: 		
0x04B8	0x1C03      	BTFSS      STATUS, 0
;__Lib_MathDouble.c,879 :: 		
0x04B9	0x0F76      	INCFSZ     R6, 0
;__Lib_MathDouble.c,881 :: 		
0x04BA	0x02F2      	SUBWF      R2, 1
;__Lib_MathDouble.c,882 :: 		
0x04BB	0x0D76      	RLF        R6, 0
;__Lib_MathDouble.c,883 :: 		
0x04BC	0x04A0      	IORWF      __math_tempbD, 1
;__Lib_MathDouble.c,884 :: 		
0x04BD	0x1C20      	BTFSS      __math_tempbD, 0
;__Lib_MathDouble.c,885 :: 		
0x04BE	0x2CC1      	GOTO       DREST32
;__Lib_MathDouble.c,886 :: 		
0x04BF	0x147D      	BSF        R13, 0
;__Lib_MathDouble.c,887 :: 		
0x04C0	0x2CCC      	GOTO       DOK32
;__Lib_MathDouble.c,888 :: 		
DREST32:
;__Lib_MathDouble.c,889 :: 		
0x04C1	0x0874      	MOVF       R4, 0
;__Lib_MathDouble.c,890 :: 		
0x04C2	0x07F0      	ADDWF      R0, 1
;__Lib_MathDouble.c,891 :: 		
0x04C3	0x0875      	MOVF       R5, 0
;__Lib_MathDouble.c,892 :: 		
0x04C4	0x1803      	BTFSC      STATUS, 0
;__Lib_MathDouble.c,893 :: 		
0x04C5	0x0F75      	INCFSZ     R5, 0
;__Lib_MathDouble.c,895 :: 		
0x04C6	0x07F1      	ADDWF      R1, 1
;__Lib_MathDouble.c,896 :: 		
0x04C7	0x0876      	MOVF       R6, 0
;__Lib_MathDouble.c,897 :: 		
0x04C8	0x1803      	BTFSC      STATUS, 0
;__Lib_MathDouble.c,898 :: 		
0x04C9	0x0A76      	INCF       R6, 0
;__Lib_MathDouble.c,899 :: 		
0x04CA	0x07F2      	ADDWF      R2, 1
;__Lib_MathDouble.c,900 :: 		
0x04CB	0x107D      	BCF        R13, 0
;__Lib_MathDouble.c,901 :: 		
DOK32:
;__Lib_MathDouble.c,903 :: 		
0x04CC	0x03FA      	DECF       R10, 1
;__Lib_MathDouble.c,904 :: 		
0x04CD	0x301F      	MOVLW      31
;__Lib_MathDouble.c,905 :: 		
0x04CE	0x057A      	ANDWF      R10, 0
;__Lib_MathDouble.c,906 :: 		
0x04CF	0x1D03      	BTFSS      STATUS, 2
;__Lib_MathDouble.c,907 :: 		
0x04D0	0x2CAA      	GOTO       DLOOP32
;__Lib_MathDouble.c,909 :: 		
0x04D1	0x1B7B      	BTFSC      R11, 6
;__Lib_MathDouble.c,910 :: 		
0x04D2	0x1C7D      	BTFSS      R13, 0
;__Lib_MathDouble.c,911 :: 		
0x04D3	0x2CF3      	GOTO       DIV32OK
;__Lib_MathDouble.c,912 :: 		
0x04D4	0x1003      	BCF        STATUS, 0
;__Lib_MathDouble.c,913 :: 		
0x04D5	0x0DF0      	RLF        R0, 1
;__Lib_MathDouble.c,914 :: 		
0x04D6	0x0DF1      	RLF        R1, 1
;__Lib_MathDouble.c,915 :: 		
0x04D7	0x0DF2      	RLF        R2, 1
;__Lib_MathDouble.c,916 :: 		
0x04D8	0x0DA0      	RLF        __math_tempbD, 1
;__Lib_MathDouble.c,918 :: 		
0x04D9	0x0874      	MOVF       R4, 0
;__Lib_MathDouble.c,919 :: 		
0x04DA	0x02F0      	SUBWF      R0, 1
;__Lib_MathDouble.c,920 :: 		
0x04DB	0x0875      	MOVF       R5, 0
;__Lib_MathDouble.c,921 :: 		
0x04DC	0x1C03      	BTFSS      STATUS, 0
;__Lib_MathDouble.c,922 :: 		
0x04DD	0x0F75      	INCFSZ     R5, 0
;__Lib_MathDouble.c,923 :: 		
0x04DE	0x02F1      	SUBWF      R1, 1
;__Lib_MathDouble.c,924 :: 		
0x04DF	0x0876      	MOVF       R6, 0
;__Lib_MathDouble.c,925 :: 		
0x04E0	0x1C03      	BTFSS      STATUS, 0
;__Lib_MathDouble.c,926 :: 		
0x04E1	0x0F76      	INCFSZ     R6, 0
;__Lib_MathDouble.c,927 :: 		
0x04E2	0x02F2      	SUBWF      R2, 1
;__Lib_MathDouble.c,928 :: 		
0x04E3	0x0D76      	RLF        R6, 0
;__Lib_MathDouble.c,929 :: 		
0x04E4	0x0420      	IORWF      __math_tempbD, 0
;__Lib_MathDouble.c,930 :: 		
0x04E5	0x3901      	ANDLW      1
;__Lib_MathDouble.c,931 :: 		
0x04E6	0x07FD      	ADDWF      R13, 1
;__Lib_MathDouble.c,932 :: 		
0x04E7	0x1803      	BTFSC      STATUS, 0
;__Lib_MathDouble.c,933 :: 		
0x04E8	0x0AFC      	INCF       R12, 1
;__Lib_MathDouble.c,934 :: 		
0x04E9	0x1903      	BTFSC      STATUS, 2
;__Lib_MathDouble.c,935 :: 		
0x04EA	0x0AF8      	INCF       R8, 1
;__Lib_MathDouble.c,936 :: 		
0x04EB	0x1D03      	BTFSS      STATUS, 2
;__Lib_MathDouble.c,937 :: 		
0x04EC	0x2CF3      	GOTO       DIV32OK
;__Lib_MathDouble.c,938 :: 		
0x04ED	0x0CF8      	RRF        R8, 1
;__Lib_MathDouble.c,939 :: 		
0x04EE	0x0CFC      	RRF        R12, 1
;__Lib_MathDouble.c,940 :: 		
0x04EF	0x0CFD      	RRF        R13, 1
;__Lib_MathDouble.c,941 :: 		
0x04F0	0x0AF3      	INCF       R3, 1
;__Lib_MathDouble.c,942 :: 		
0x04F1	0x1903      	BTFSC      STATUS, 2
;__Lib_MathDouble.c,943 :: 		
0x04F2	0x2D03      	GOTO       JPDSETFOV32
;__Lib_MathDouble.c,944 :: 		
DIV32OK:
;__Lib_MathDouble.c,945 :: 		
0x04F3	0x1FFA      	BTFSS      R10, 7
;__Lib_MathDouble.c,946 :: 		
0x04F4	0x13F8      	BCF        R8, 7
;__Lib_MathDouble.c,947 :: 		
0x04F5	0x0878      	MOVF       R8, 0
;__Lib_MathDouble.c,948 :: 		
0x04F6	0x00F2      	MOVWF      R2
;__Lib_MathDouble.c,949 :: 		
0x04F7	0x087C      	MOVF       R12, 0
;__Lib_MathDouble.c,950 :: 		
0x04F8	0x00F1      	MOVWF      R1
;__Lib_MathDouble.c,951 :: 		
0x04F9	0x087D      	MOVF       R13, 0
;__Lib_MathDouble.c,952 :: 		
0x04FA	0x00F0      	MOVWF      R0
;__Lib_MathDouble.c,954 :: 		
0x04FB	0x3000      	MOVLW      0
;__Lib_MathDouble.c,956 :: 		
0x04FC	0x2D08      	GOTO       DIV32EEE
;__Lib_MathDouble.c,957 :: 		
JPDSETFDZ32:
;__Lib_MathDouble.c,958 :: 		
0x04FD	0x3001      	MOVLW      1
;__Lib_MathDouble.c,961 :: 		
0x04FE	0x213E      	CALL       _SETFDZ32
;__Lib_MathDouble.c,963 :: 		
0x04FF	0x2D08      	GOTO       DIV32EEE
;__Lib_MathDouble.c,964 :: 		
JPDRES032:
;__Lib_MathDouble.c,965 :: 		
0x0500	0x3002      	MOVLW      2
;__Lib_MathDouble.c,968 :: 		
0x0501	0x2003      	CALL       _RES032
;__Lib_MathDouble.c,970 :: 		
0x0502	0x2D08      	GOTO       DIV32EEE
;__Lib_MathDouble.c,971 :: 		
JPDSETFOV32:
;__Lib_MathDouble.c,972 :: 		
0x0503	0x3004      	MOVLW      4
;__Lib_MathDouble.c,975 :: 		
0x0504	0x200A      	CALL       _SETFOV32
;__Lib_MathDouble.c,977 :: 		
0x0505	0x2D08      	GOTO       DIV32EEE
;__Lib_MathDouble.c,978 :: 		
JPDSETFUN32:
;__Lib_MathDouble.c,979 :: 		
0x0506	0x3008      	MOVLW      8
;__Lib_MathDouble.c,982 :: 		
0x0507	0x2033      	CALL       _SETFUN32
;__Lib_MathDouble.c,984 :: 		
DIV32EEE:
;__Lib_MathDouble.c,985 :: 		
0x0508	0x0000      	NOP
;__Lib_MathDouble.c,994 :: 		
L_end_Div_32x32_FP:
0x0509	0x0008      	RETURN
; end of _Div_32x32_FP
_int2double:
;__Lib_MathDouble.c,1812 :: 		
;__Lib_MathDouble.c,1818 :: 		
0x050A	0x1283      	BCF        STATUS, 5
;__Lib_MathDouble.c,1819 :: 		
0x050B	0x1303      	BCF        STATUS, 6
;__Lib_MathDouble.c,1820 :: 		
0x050C	0x0870      	MOVF       R0, 0
;__Lib_MathDouble.c,1821 :: 		
0x050D	0x00F8      	MOVWF      R8
;__Lib_MathDouble.c,1822 :: 		
0x050E	0x0871      	MOVF       R1, 0
;__Lib_MathDouble.c,1823 :: 		
0x050F	0x00F0      	MOVWF      R0
;__Lib_MathDouble.c,1824 :: 		
0x0510	0x01F1      	CLRF       R1
;__Lib_MathDouble.c,1825 :: 		
0x0511	0x01F2      	CLRF       R2
;__Lib_MathDouble.c,1826 :: 		
0x0512	0x01F3      	CLRF       R3
;__Lib_MathDouble.c,1829 :: 		
0x0513	0x01FB      	CLRF       R11
;__Lib_MathDouble.c,1830 :: 		
0x0514	0x01FC      	CLRF       R12
;__Lib_MathDouble.c,1832 :: 		
0x0515	0x3096      	MOVLW      150
;__Lib_MathDouble.c,1833 :: 		
0x0516	0x00F3      	MOVWF      R3
;__Lib_MathDouble.c,1834 :: 		
0x0517	0x01FA      	CLRF       R10
;__Lib_MathDouble.c,1835 :: 		
0x0518	0x1FF0      	BTFSS      R0, 7
;__Lib_MathDouble.c,1836 :: 		
0x0519	0x2D20      	GOTO       FLO1632EEE
;__Lib_MathDouble.c,1838 :: 		
0x051A	0x09F8      	COMF       R8, 1
;__Lib_MathDouble.c,1839 :: 		
0x051B	0x09F0      	COMF       R0, 1
;__Lib_MathDouble.c,1841 :: 		
0x051C	0x0AF8      	INCF       R8, 1
;__Lib_MathDouble.c,1842 :: 		
0x051D	0x1903      	BTFSC      STATUS, 2
;__Lib_MathDouble.c,1843 :: 		
0x051E	0x0AF0      	INCF       R0, 1
;__Lib_MathDouble.c,1845 :: 		
0x051F	0x17FA      	BSF        R10, 7
;__Lib_MathDouble.c,1846 :: 		
FLO1632EEE:
;__Lib_MathDouble.c,1847 :: 		
0x0520	0x0870      	MOVF       R0, 0
;__Lib_MathDouble.c,1848 :: 		
0x0521	0x00F1      	MOVWF      R1
;__Lib_MathDouble.c,1849 :: 		
0x0522	0x0878      	MOVF       R8, 0
;__Lib_MathDouble.c,1850 :: 		
0x0523	0x00F0      	MOVWF      R0
;__Lib_MathDouble.c,1851 :: 		
0x0524	0x01F8      	CLRF       R8
;__Lib_MathDouble.c,1852 :: 		
0x0525	0x01F2      	CLRF       R2
;__Lib_MathDouble.c,1854 :: 		
0x0526	0x20BF      	CALL       _NRM3232
;__Lib_MathDouble.c,1855 :: 		
L_end_int2double:
0x0527	0x0008      	RETURN
; end of _int2double
_UART1_Write_Text:
;__Lib_UART_c67.c,47 :: 		
;__Lib_UART_c67.c,48 :: 		
0x0528	0x1283      	BCF        STATUS, 5
0x0529	0x1303      	BCF        STATUS, 6
0x052A	0x01DB      	CLRF       UART1_Write_Text_counter_L0
;__Lib_UART_c67.c,50 :: 		
0x052B	0x0859      	MOVF       FARG_UART1_Write_Text_uart_text, 0
0x052C	0x0084      	MOVWF      FSR
0x052D	0x0800      	MOVF       INDF, 0
0x052E	0x00DA      	MOVWF      UART1_Write_Text_data__L0
;__Lib_UART_c67.c,51 :: 		
L_UART1_Write_Text5:
0x052F	0x085A      	MOVF       UART1_Write_Text_data__L0, 0
0x0530	0x3A00      	XORLW      0
0x0531	0x1903      	BTFSC      STATUS, 2
0x0532	0x2D3D      	GOTO       L_UART1_Write_Text6
;__Lib_UART_c67.c,52 :: 		
0x0533	0x085A      	MOVF       UART1_Write_Text_data__L0, 0
0x0534	0x00E6      	MOVWF      FARG_UART1_Write_data_
0x0535	0x2149      	CALL       _UART1_Write
;__Lib_UART_c67.c,53 :: 		
0x0536	0x0ADB      	INCF       UART1_Write_Text_counter_L0, 1
;__Lib_UART_c67.c,54 :: 		
0x0537	0x085B      	MOVF       UART1_Write_Text_counter_L0, 0
0x0538	0x0759      	ADDWF      FARG_UART1_Write_Text_uart_text, 0
0x0539	0x0084      	MOVWF      FSR
0x053A	0x0800      	MOVF       INDF, 0
0x053B	0x00DA      	MOVWF      UART1_Write_Text_data__L0
;__Lib_UART_c67.c,55 :: 		
0x053C	0x2D2F      	GOTO       L_UART1_Write_Text5
L_UART1_Write_Text6:
;__Lib_UART_c67.c,56 :: 		
L_end_UART1_Write_Text:
0x053D	0x0008      	RETURN
; end of _UART1_Write_Text
_UART1_Init:
;__Lib_UART_c67.c,2 :: 		
;__Lib_UART_c67.c,5 :: 		
0x053E	0x1683      	BSF        STATUS, 5
0x053F	0x1303      	BCF        STATUS, 6
0x0540	0x1698      	BSF        TXSTA, 5
;__Lib_UART_c67.c,6 :: 		
0x0541	0x3090      	MOVLW      144
0x0542	0x1283      	BCF        STATUS, 5
0x0543	0x0098      	MOVWF      RCSTA
;__Lib_UART_c67.c,7 :: 		
0x0544	0x1683      	BSF        STATUS, 5
0x0545	0x1787      	BSF        TRISC7_bit, BitPos(TRISC7_bit+0)
;__Lib_UART_c67.c,8 :: 		
0x0546	0x1307      	BCF        TRISC6_bit, BitPos(TRISC6_bit+0)
;__Lib_UART_c67.c,10 :: 		
L_UART1_Init0:
0x0547	0x1283      	BCF        STATUS, 5
0x0548	0x1E8C      	BTFSS      PIR1, 5
0x0549	0x2D4D      	GOTO       L_UART1_Init1
;__Lib_UART_c67.c,11 :: 		
0x054A	0x081A      	MOVF       RCREG, 0
0x054B	0x00F0      	MOVWF      R0
0x054C	0x2D47      	GOTO       L_UART1_Init0
L_UART1_Init1:
;__Lib_UART_c67.c,12 :: 		
L_end_UART1_Init:
0x054D	0x0008      	RETURN
; end of _UART1_Init
_ADC_Read:
;__Lib_ADC_A_C.c,68 :: 		
;__Lib_ADC_A_C.c,70 :: 		
0x054E	0x1283      	BCF        STATUS, 5
0x054F	0x1303      	BCF        STATUS, 6
0x0550	0x019F      	CLRF       ADCON0
;__Lib_ADC_A_C.c,71 :: 		
0x0551	0x30C0      	MOVLW      192
0x0552	0x049F      	IORWF      ADCON0, 1
;__Lib_ADC_A_C.c,72 :: 		
0x0553	0x0932      	COMF       _vref_mask, 0
0x0554	0x00F0      	MOVWF      R0
0x0555	0x0870      	MOVF       R0, 0
0x0556	0x1683      	BSF        STATUS, 5
0x0557	0x059F      	ANDWF      ADCON1, 1
;__Lib_ADC_A_C.c,73 :: 		
0x0558	0x171F      	BSF        ADCON1, 6
;__Lib_ADC_A_C.c,74 :: 		
0x0559	0x179F      	BSF        ADCON1, 7
;__Lib_ADC_A_C.c,75 :: 		
0x055A	0x1283      	BCF        STATUS, 5
0x055B	0x0859      	MOVF       FARG_ADC_Read_channel, 0
0x055C	0x00F0      	MOVWF      R0
0x055D	0x0DF0      	RLF        R0, 1
0x055E	0x1070      	BCF        R0, 0
0x055F	0x0DF0      	RLF        R0, 1
0x0560	0x1070      	BCF        R0, 0
0x0561	0x0DF0      	RLF        R0, 1
0x0562	0x1070      	BCF        R0, 0
0x0563	0x0870      	MOVF       R0, 0
0x0564	0x049F      	IORWF      ADCON0, 1
;__Lib_ADC_A_C.c,78 :: 		
0x0565	0x141F      	BSF        ADCON0, 0
;__Lib_ADC_A_C.c,81 :: 		
0x0566	0x2141      	CALL       _Delay_22us
;__Lib_ADC_A_C.c,84 :: 		
0x0567	0x151F      	BSF        ADCON0, 2
;__Lib_ADC_A_C.c,87 :: 		
L_ADC_Read2:
0x0568	0x1D1F      	BTFSS      ADCON0, 2
0x0569	0x2D6C      	GOTO       L_ADC_Read3
;__Lib_ADC_A_C.c,88 :: 		
0x056A	0x0000      	NOP
0x056B	0x2D68      	GOTO       L_ADC_Read2
L_ADC_Read3:
;__Lib_ADC_A_C.c,91 :: 		
0x056C	0x101F      	BCF        ADCON0, 0
;__Lib_ADC_A_C.c,94 :: 		
0x056D	0x081E      	MOVF       ADRESH, 0
0x056E	0x00F1      	MOVWF      R0+1
0x056F	0x01F0      	CLRF       R0
0x0570	0x1683      	BSF        STATUS, 5
0x0571	0x081E      	MOVF       ADRESL, 0
0x0572	0x04F0      	IORWF      R0, 1
0x0573	0x3000      	MOVLW      0
0x0574	0x04F1      	IORWF      R0+1, 1
;__Lib_ADC_A_C.c,95 :: 		
L_end_ADC_Read:
0x0575	0x0008      	RETURN
; end of _ADC_Read
_ADC_Init:
;__Lib_ADC_A_C.c,19 :: 		
;__Lib_ADC_A_C.c,20 :: 		
0x0576	0x30FF      	MOVLW      _ADC_Get_Sample
0x0577	0x1283      	BCF        STATUS, 5
0x0578	0x1303      	BCF        STATUS, 6
0x0579	0x00D4      	MOVWF      _ADC_Get_Sample_Ptr
0x057A	0x30FF      	MOVLW      hi_addr(_ADC_Get_Sample)
0x057B	0x00D5      	MOVWF      _ADC_Get_Sample_Ptr+1
0x057C	0x30FF      	MOVLW      FARG_ADC_Get_Sample_channel
0x057D	0x00D6      	MOVWF      _ADC_Get_Sample_Ptr+2
0x057E	0x30FF      	MOVLW      hi_addr(FARG_ADC_Get_Sample_channel)
;__Lib_ADC_A_C.c,22 :: 		
0x057F	0x019F      	CLRF       ADCON0
;__Lib_ADC_A_C.c,23 :: 		
0x0580	0x30C0      	MOVLW      192
0x0581	0x049F      	IORWF      ADCON0, 1
;__Lib_ADC_A_C.c,24 :: 		
0x0582	0x0932      	COMF       _vref_mask, 0
0x0583	0x00F0      	MOVWF      R0
0x0584	0x0870      	MOVF       R0, 0
0x0585	0x1683      	BSF        STATUS, 5
0x0586	0x059F      	ANDWF      ADCON1, 1
;__Lib_ADC_A_C.c,25 :: 		
0x0587	0x171F      	BSF        ADCON1, 6
;__Lib_ADC_A_C.c,26 :: 		
0x0588	0x179F      	BSF        ADCON1, 7
;__Lib_ADC_A_C.c,29 :: 		
0x0589	0x1283      	BCF        STATUS, 5
0x058A	0x141F      	BSF        ADCON0, 0
;__Lib_ADC_A_C.c,30 :: 		
L_end_ADC_Init:
0x058B	0x0008      	RETURN
; end of _ADC_Init
___CC2DW:
;__Lib_System.c,134 :: 		
;__Lib_System.c,137 :: 		
_CC2D_Loop1:
;__Lib_System.c,139 :: 		
0x058C	0x21E4      	CALL       _____DoICP
0x058D	0x118A      	BCF        PCLATH, 3
0x058E	0x120A      	BCF        PCLATH, 4
;__Lib_System.c,141 :: 		
0x058F	0x0080      	MOVWF      INDF
;__Lib_System.c,142 :: 		
0x0590	0x0A84      	INCF       FSR, 1
;__Lib_System.c,143 :: 		
0x0591	0x0AD0      	INCF       ___DoICPAddr, 1
;__Lib_System.c,145 :: 		
0x0592	0x1903      	BTFSC      STATUS, 2
;__Lib_System.c,146 :: 		
0x0593	0x0AD1      	INCF       ___DoICPAddr+1, 1
;__Lib_System.c,147 :: 		
0x0594	0x03F0      	DECF       R0, 1
;__Lib_System.c,149 :: 		
0x0595	0x1D03      	BTFSS      STATUS, 2
;__Lib_System.c,150 :: 		
0x0596	0x2D8C      	GOTO       _CC2D_Loop1
;__Lib_System.c,152 :: 		
L_end___CC2DW:
0x0597	0x0008      	RETURN
; end of ___CC2DW
_main:
0x0598	0x2636      	CALL       1590
;ADC.c,5 :: 		void main()
;ADC.c,7 :: 		UART1_Init(9600);
0x0599	0x3033      	MOVLW      51
0x059A	0x1683      	BSF        STATUS, 5
0x059B	0x1303      	BCF        STATUS, 6
0x059C	0x0099      	MOVWF      SPBRG
0x059D	0x1518      	BSF        TXSTA, 2
0x059E	0x253E      	CALL       _UART1_Init
;ADC.c,8 :: 		ADC_Init();
0x059F	0x2576      	CALL       _ADC_Init
;ADC.c,10 :: 		while(1)
L_main0:
;ADC.c,12 :: 		valADC = ADC_Read(0);       // read ADC from RA0
0x05A0	0x01D9      	CLRF       FARG_ADC_Read_channel
0x05A1	0x254E      	CALL       _ADC_Read
0x05A2	0x0870      	MOVF       R0, 0
0x05A3	0x1283      	BCF        STATUS, 5
0x05A4	0x00D7      	MOVWF      FLOC__main
0x05A5	0x0871      	MOVF       R0+1, 0
0x05A6	0x00D8      	MOVWF      FLOC__main+1
0x05A7	0x0857      	MOVF       FLOC__main, 0
0x05A8	0x00D2      	MOVWF      _valADC
0x05A9	0x0858      	MOVF       FLOC__main+1, 0
0x05AA	0x00D3      	MOVWF      _valADC+1
;ADC.c,13 :: 		voltage = (valADC * 5.0) / 1023.0;
0x05AB	0x0857      	MOVF       FLOC__main, 0
0x05AC	0x00F0      	MOVWF      R0
0x05AD	0x0858      	MOVF       FLOC__main+1, 0
0x05AE	0x00F1      	MOVWF      R0+1
0x05AF	0x250A      	CALL       _int2double
0x05B0	0x3000      	MOVLW      0
0x05B1	0x00F4      	MOVWF      R4
0x05B2	0x3000      	MOVLW      0
0x05B3	0x00F5      	MOVWF      R4+1
0x05B4	0x3020      	MOVLW      32
0x05B5	0x00F6      	MOVWF      R4+2
0x05B6	0x3081      	MOVLW      129
0x05B7	0x00F7      	MOVWF      R4+3
0x05B8	0x2043      	CALL       _Mul_32x32_FP
0x05B9	0x3000      	MOVLW      0
0x05BA	0x00F4      	MOVWF      R4
0x05BB	0x30C0      	MOVLW      192
0x05BC	0x00F5      	MOVWF      R4+1
0x05BD	0x307F      	MOVLW      127
0x05BE	0x00F6      	MOVWF      R4+2
0x05BF	0x3088      	MOVLW      136
0x05C0	0x00F7      	MOVWF      R4+3
0x05C1	0x2453      	CALL       _Div_32x32_FP
0x05C2	0x0870      	MOVF       R0, 0
0x05C3	0x00CC      	MOVWF      _voltage
0x05C4	0x0871      	MOVF       R0+1, 0
0x05C5	0x00CD      	MOVWF      _voltage+1
0x05C6	0x0872      	MOVF       R0+2, 0
0x05C7	0x00CE      	MOVWF      _voltage+2
0x05C8	0x0873      	MOVF       R0+3, 0
0x05C9	0x00CF      	MOVWF      _voltage+3
;ADC.c,14 :: 		IntToStr(valADC, x);        // convert to string
0x05CA	0x0857      	MOVF       FLOC__main, 0
0x05CB	0x00D9      	MOVWF      FARG_IntToStr_input
0x05CC	0x0858      	MOVF       FLOC__main+1, 0
0x05CD	0x00DA      	MOVWF      FARG_IntToStr_input+1
0x05CE	0x3045      	MOVLW      _x
0x05CF	0x00DB      	MOVWF      FARG_IntToStr_output
0x05D0	0x21EB      	CALL       _IntToStr
;ADC.c,15 :: 		UART1_Write_Text("ADC = ");
0x05D1	0x3021      	MOVLW      ?lstr1_ADC
0x05D2	0x00D9      	MOVWF      FARG_UART1_Write_Text_uart_text
0x05D3	0x2528      	CALL       _UART1_Write_Text
;ADC.c,16 :: 		UART1_Write_Text(x);
0x05D4	0x3045      	MOVLW      _x
0x05D5	0x00D9      	MOVWF      FARG_UART1_Write_Text_uart_text
0x05D6	0x2528      	CALL       _UART1_Write_Text
;ADC.c,17 :: 		UART1_Write(13);            // new line
0x05D7	0x300D      	MOVLW      13
0x05D8	0x00E6      	MOVWF      FARG_UART1_Write_data_
0x05D9	0x2149      	CALL       _UART1_Write
;ADC.c,18 :: 		Delay_ms(1000);             // 1 sec delay
0x05DA	0x300B      	MOVLW      11
0x05DB	0x00FB      	MOVWF      R11
0x05DC	0x3026      	MOVLW      38
0x05DD	0x00FC      	MOVWF      R12
0x05DE	0x305D      	MOVLW      93
0x05DF	0x00FD      	MOVWF      R13
L_main2:
0x05E0	0x0BFD      	DECFSZ     R13, 1
0x05E1	0x2DE0      	GOTO       L_main2
0x05E2	0x0BFC      	DECFSZ     R12, 1
0x05E3	0x2DE0      	GOTO       L_main2
0x05E4	0x0BFB      	DECFSZ     R11, 1
0x05E5	0x2DE0      	GOTO       L_main2
0x05E6	0x0000      	NOP
0x05E7	0x0000      	NOP
;ADC.c,19 :: 		FloatToStr(voltage, x);
0x05E8	0x084C      	MOVF       _voltage, 0
0x05E9	0x00D9      	MOVWF      FARG_FloatToStr_fnum
0x05EA	0x084D      	MOVF       _voltage+1, 0
0x05EB	0x00DA      	MOVWF      FARG_FloatToStr_fnum+1
0x05EC	0x084E      	MOVF       _voltage+2, 0
0x05ED	0x00DB      	MOVWF      FARG_FloatToStr_fnum+2
0x05EE	0x084F      	MOVF       _voltage+3, 0
0x05EF	0x00DC      	MOVWF      FARG_FloatToStr_fnum+3
0x05F0	0x3045      	MOVLW      _x
0x05F1	0x00DD      	MOVWF      FARG_FloatToStr_str
0x05F2	0x2255      	CALL       _FloatToStr
;ADC.c,20 :: 		UART1_Write_Text("Actual voltage = ");
0x05F3	0x3033      	MOVLW      ?lstr2_ADC
0x05F4	0x00D9      	MOVWF      FARG_UART1_Write_Text_uart_text
0x05F5	0x2528      	CALL       _UART1_Write_Text
;ADC.c,21 :: 		UART1_Write_Text(x);
0x05F6	0x3045      	MOVLW      _x
0x05F7	0x00D9      	MOVWF      FARG_UART1_Write_Text_uart_text
0x05F8	0x2528      	CALL       _UART1_Write_Text
;ADC.c,22 :: 		UART1_Write(13);            // new line
0x05F9	0x300D      	MOVLW      13
0x05FA	0x00E6      	MOVWF      FARG_UART1_Write_data_
0x05FB	0x2149      	CALL       _UART1_Write
;ADC.c,23 :: 		Delay_ms(1000);
0x05FC	0x300B      	MOVLW      11
0x05FD	0x00FB      	MOVWF      R11
0x05FE	0x3026      	MOVLW      38
0x05FF	0x00FC      	MOVWF      R12
0x0600	0x305D      	MOVLW      93
0x0601	0x00FD      	MOVWF      R13
L_main3:
0x0602	0x0BFD      	DECFSZ     R13, 1
0x0603	0x2E02      	GOTO       L_main3
0x0604	0x0BFC      	DECFSZ     R12, 1
0x0605	0x2E02      	GOTO       L_main3
0x0606	0x0BFB      	DECFSZ     R11, 1
0x0607	0x2E02      	GOTO       L_main3
0x0608	0x0000      	NOP
0x0609	0x0000      	NOP
;ADC.c,24 :: 		}
0x060A	0x2DA0      	GOTO       L_main0
;ADC.c,25 :: 		}
L_end_main:
0x060B	0x2E0B      	GOTO       $+0
; end of _main
0x0636	0x3021      	MOVLW      33
0x0637	0x0084      	MOVWF      FSR
0x0638	0x3024      	MOVLW      36
0x0639	0x1283      	BCF        STATUS, 5
0x063A	0x1303      	BCF        STATUS, 6
0x063B	0x00F0      	MOVWF      R0
0x063C	0x3011      	MOVLW      17
0x063D	0x00D0      	MOVWF      ___DoICPAddr
0x063E	0x3006      	MOVLW      6
0x063F	0x00D1      	MOVWF      81
0x0640	0x258C      	CALL       1420
0x0641	0x0008      	RETURN
;ADC.c,0 :: ?ICS?lstr1_ADC
0x0611	0x3441 ;?ICS?lstr1_ADC+0
0x0612	0x3444 ;?ICS?lstr1_ADC+1
0x0613	0x3443 ;?ICS?lstr1_ADC+2
0x0614	0x3420 ;?ICS?lstr1_ADC+3
0x0615	0x343D ;?ICS?lstr1_ADC+4
0x0616	0x3420 ;?ICS?lstr1_ADC+5
0x0617	0x3400 ;?ICS?lstr1_ADC+6
; end of ?ICS?lstr1_ADC
;__Lib_Conversions.c,0 :: ?ICS?lstr1___Lib_Conversions
0x0618	0x344E ;?ICS?lstr1___Lib_Conversions+0
0x0619	0x3461 ;?ICS?lstr1___Lib_Conversions+1
0x061A	0x344E ;?ICS?lstr1___Lib_Conversions+2
0x061B	0x3400 ;?ICS?lstr1___Lib_Conversions+3
; end of ?ICS?lstr1___Lib_Conversions
;__Lib_Conversions.c,0 :: ?ICS?lstr2___Lib_Conversions
0x061C	0x3430 ;?ICS?lstr2___Lib_Conversions+0
0x061D	0x3400 ;?ICS?lstr2___Lib_Conversions+1
; end of ?ICS?lstr2___Lib_Conversions
;__Lib_Conversions.c,0 :: ?ICS?lstr3___Lib_Conversions
0x061E	0x3449 ;?ICS?lstr3___Lib_Conversions+0
0x061F	0x344E ;?ICS?lstr3___Lib_Conversions+1
0x0620	0x3446 ;?ICS?lstr3___Lib_Conversions+2
0x0621	0x3400 ;?ICS?lstr3___Lib_Conversions+3
; end of ?ICS?lstr3___Lib_Conversions
;__Lib_ADC_A_C.c,0 :: ?ICS_vref_mask
0x0622	0x340F ;?ICS_vref_mask+0
; end of ?ICS_vref_mask
;ADC.c,0 :: ?ICS?lstr2_ADC
0x0623	0x3441 ;?ICS?lstr2_ADC+0
0x0624	0x3463 ;?ICS?lstr2_ADC+1
0x0625	0x3474 ;?ICS?lstr2_ADC+2
0x0626	0x3475 ;?ICS?lstr2_ADC+3
0x0627	0x3461 ;?ICS?lstr2_ADC+4
0x0628	0x346C ;?ICS?lstr2_ADC+5
0x0629	0x3420 ;?ICS?lstr2_ADC+6
0x062A	0x3476 ;?ICS?lstr2_ADC+7
0x062B	0x346F ;?ICS?lstr2_ADC+8
0x062C	0x346C ;?ICS?lstr2_ADC+9
0x062D	0x3474 ;?ICS?lstr2_ADC+10
0x062E	0x3461 ;?ICS?lstr2_ADC+11
0x062F	0x3467 ;?ICS?lstr2_ADC+12
0x0630	0x3465 ;?ICS?lstr2_ADC+13
0x0631	0x3420 ;?ICS?lstr2_ADC+14
0x0632	0x343D ;?ICS?lstr2_ADC+15
0x0633	0x3420 ;?ICS?lstr2_ADC+16
0x0634	0x3400 ;?ICS?lstr2_ADC+17
; end of ?ICS?lstr2_ADC
Symbol List:
//** Routines locations **
//ADDRESS    SIZE    PROCEDURE
//----------------------------------------------
0x0003       [7]    _RES032
0x000A      [12]    _SETFOV32
0x0016      [29]    _Div_16X16_U
0x0033      [12]    _SETFUN32
0x003F       [4]    _FIXSIGN32
0x0043      [97]    _Mul_32x32_FP
0x00A4      [27]    _strcpy
0x00BF      [47]    _NRM3232
0x00EE      [80]    _Compare_Double
0x013E       [3]    _SETFDZ32
0x0141       [8]    _Delay_22us
0x0149      [10]    _UART1_Write
0x0153      [64]    _WordToStr
0x0193      [81]    _Div_8X8_S
0x01E4       [7]    _____DoICP
0x01EB     [106]    _IntToStr
0x0255     [510]    _FloatToStr
0x0453     [183]    _Div_32x32_FP
0x050A      [30]    _int2double
0x0528      [22]    _UART1_Write_Text
0x053E      [16]    _UART1_Init
0x054E      [40]    _ADC_Read
0x0576      [22]    _ADC_Init
0x058C      [12]    ___CC2DW
0x0598     [115]    _main
//** Variables locations ** 
//ADDRESS    SIZE    VARIABLE
//----------------------------------------------
0x0000       [1]    INDF
0x0002       [1]    PCL
0x0003       [1]    STATUS
0x0004       [1]    FSR
0x000A       [1]    PCLATH
0x000C       [1]    PIR1
0x0018       [1]    RCSTA
0x0019       [1]    TXREG
0x001A       [1]    RCREG
0x001E       [1]    ADRESH
0x001F       [1]    ADCON0
0x0020       [1]    __math_tempbD
0x0021       [7]    ?lstr1_ADC
0x0028       [4]    ?lstr1___Lib_Conversions
0x002C       [2]    ?lstr2___Lib_Conversions
0x002E       [4]    ?lstr3___Lib_Conversions
0x0032       [1]    _vref_mask
0x0033      [18]    ?lstr2_ADC
0x0045       [7]    _x
0x004C       [4]    _voltage
0x0050       [2]    ___DoICPAddr
0x0052       [2]    _valADC
0x0054       [3]    _ADC_Get_Sample_Ptr
0x0057       [2]    FLOC__main
0x0059       [4]    FARG_FloatToStr_fnum
0x0059       [1]    FARG_UART1_Write_Text_uart_text
0x0059       [1]    FARG_ADC_Read_channel
0x0059       [2]    FARG_IntToStr_input
0x005A       [1]    UART1_Write_Text_data__L0
0x005B       [1]    FARG_IntToStr_output
0x005B       [1]    UART1_Write_Text_counter_L0
0x005C       [2]    IntToStr_i_L0
0x005D       [1]    FARG_FloatToStr_str
0x005E       [2]    IntToStr_negative_L0
0x005E       [1]    FloatToStr_i_L0
0x005F       [1]    FloatToStr_d_L0
0x0060       [2]    IntToStr_inword_L0
0x0060       [4]    FloatToStr_un_L0
0x0064       [1]    FloatToStr_bpoint_L0
0x0065       [1]    FloatToStr_dexpon_L0
0x0066       [1]    FARG_strcpy_to
0x0066       [1]    FARG_UART1_Write_data_
0x0066       [2]    FARG_WordToStr_input
0x0067       [1]    FARG_strcpy_from
0x0068       [1]    FARG_WordToStr_output
0x0069       [1]    WordToStr_len_L0
0x006A       [1]    FLOC__WordToStr
0x0070       [1]    R0
0x0071       [1]    R1
0x0072       [1]    R2
0x0073       [1]    R3
0x0074       [1]    R4
0x0075       [1]    R5
0x0076       [1]    R6
0x0077       [1]    R7
0x0078       [1]    R8
0x0079       [1]    R9
0x007A       [1]    R10
0x007B       [1]    R11
0x007C       [1]    R12
0x007D       [1]    R13
0x007E       [1]    R14
0x007F       [1]    R15
0x0087       [0]    TRISC6_bit
0x0087       [0]    TRISC7_bit
0x0098       [1]    TXSTA
0x0099       [1]    SPBRG
0x009E       [1]    ADRESL
0x009F       [1]    ADCON1
//** Constants locations ** 
//ADDRESS    SIZE    CONSTANT
//----------------------------------------------
0x0611       [7]    ?ICS?lstr1_ADC
0x0618       [4]    ?ICS?lstr1___Lib_Conversions
0x061C       [2]    ?ICS?lstr2___Lib_Conversions
0x061E       [4]    ?ICS?lstr3___Lib_Conversions
0x0622       [1]    ?ICS_vref_mask
0x0623      [18]    ?ICS?lstr2_ADC
